<?xml version="1.0" encoding="UTF-8"?>
<coverage generated="1778706632563" clover="3.2.0">
  <project timestamp="1778706632563" name="All files">
    <metrics statements="522" coveredstatements="390" conditionals="377" coveredconditionals="243" methods="123" coveredmethods="85" elements="1022" coveredelements="718" complexity="0" loc="522" ncloc="522" packages="5" files="8" classes="8"/>
    <package name="common.user">
      <metrics statements="41" coveredstatements="37" conditionals="12" coveredconditionals="8" methods="9" coveredmethods="9"/>
      <file name="user-preferences-provider.tsx" path="/Users/ajalkhare/Desktop/Personal/supergit/pipeline-graph-view-plugin/src/main/frontend/common/user/user-preferences-provider.tsx">
        <metrics statements="41" coveredstatements="37" conditionals="12" coveredconditionals="8" methods="9" coveredmethods="9"/>
        <line num="12" count="2" type="stmt"/>
        <line num="18" count="2" type="stmt"/>
        <line num="22" count="36" type="stmt"/>
        <line num="24" count="2" type="stmt"/>
        <line num="28" count="72" type="cond" truecount="2" falsecount="0"/>
        <line num="29" count="62" type="stmt"/>
        <line num="31" count="10" type="cond" truecount="1" falsecount="1"/>
        <line num="32" count="10" type="stmt"/>
        <line num="34" count="0" type="stmt"/>
        <line num="37" count="2" type="stmt"/>
        <line num="38" count="36" type="stmt"/>
        <line num="39" count="36" type="cond" truecount="2" falsecount="0"/>
        <line num="40" count="36" type="stmt"/>
        <line num="42" count="0" type="stmt"/>
        <line num="44" count="0" type="stmt"/>
        <line num="47" count="2" type="stmt"/>
        <line num="48" count="36" type="stmt"/>
        <line num="52" count="36" type="cond" truecount="2" falsecount="2"/>
        <line num="55" count="36" type="stmt"/>
        <line num="58" count="2" type="stmt"/>
        <line num="63" count="12" type="stmt"/>
        <line num="64" count="12" type="stmt"/>
        <line num="65" count="12" type="stmt"/>
        <line num="67" count="12" type="stmt"/>
        <line num="73" count="12" type="stmt"/>
        <line num="82" count="12" type="stmt"/>
        <line num="92" count="12" type="stmt"/>
        <line num="93" count="1" type="stmt"/>
        <line num="94" count="1" type="stmt"/>
        <line num="97" count="12" type="stmt"/>
        <line num="98" count="1" type="stmt"/>
        <line num="99" count="1" type="stmt"/>
        <line num="102" count="12" type="stmt"/>
        <line num="103" count="2" type="stmt"/>
        <line num="104" count="2" type="stmt"/>
        <line num="107" count="12" type="stmt"/>
        <line num="123" count="2" type="stmt"/>
        <line num="124" count="12" type="stmt"/>
        <line num="125" count="12" type="cond" truecount="1" falsecount="1"/>
        <line num="126" count="0" type="stmt"/>
        <line num="130" count="12" type="stmt"/>
      </file>
    </package>
    <package name="multi-pipeline-graph-view.multi-pipeline-graph.main">
      <metrics statements="7" coveredstatements="7" conditionals="4" coveredconditionals="2" methods="2" coveredmethods="2"/>
      <file name="overfow-dropdown.tsx" path="/Users/ajalkhare/Desktop/Personal/supergit/pipeline-graph-view-plugin/src/main/frontend/multi-pipeline-graph-view/multi-pipeline-graph/main/overfow-dropdown.tsx">
        <metrics statements="4" coveredstatements="4" conditionals="4" coveredconditionals="2" methods="1" coveredmethods="1"/>
        <line num="22" count="5" type="stmt"/>
        <line num="24" count="5" type="stmt"/>
        <line num="25" count="5" type="stmt"/>
        <line num="26" count="5" type="stmt"/>
      </file>
      <file name="settings-button.tsx" path="/Users/ajalkhare/Desktop/Personal/supergit/pipeline-graph-view-plugin/src/main/frontend/multi-pipeline-graph-view/multi-pipeline-graph/main/settings-button.tsx">
        <metrics statements="3" coveredstatements="3" conditionals="0" coveredconditionals="0" methods="1" coveredmethods="1"/>
        <line num="18" count="7" type="stmt"/>
        <line num="25" count="7" type="stmt"/>
        <line num="28" count="7" type="stmt"/>
      </file>
    </package>
    <package name="pipeline-console-view.pipeline-console.main">
      <metrics statements="10" coveredstatements="10" conditionals="40" coveredconditionals="24" methods="1" coveredmethods="1"/>
      <file name="PipelineConsole.tsx" path="/Users/ajalkhare/Desktop/Personal/supergit/pipeline-graph-view-plugin/src/main/frontend/pipeline-console-view/pipeline-console/main/PipelineConsole.tsx">
        <metrics statements="10" coveredstatements="10" conditionals="40" coveredconditionals="24" methods="1" coveredmethods="1"/>
        <line num="27" count="3" type="stmt"/>
        <line num="28" count="3" type="stmt"/>
        <line num="29" count="3" type="stmt"/>
        <line num="31" count="3" type="stmt"/>
        <line num="47" count="3" type="stmt"/>
        <line num="50" count="3" type="cond" truecount="2" falsecount="0"/>
        <line num="52" count="3" type="cond" truecount="2" falsecount="0"/>
        <line num="55" count="3" type="cond" truecount="4" falsecount="0"/>
        <line num="57" count="3" type="stmt"/>
        <line num="59" count="3" type="stmt"/>
      </file>
    </package>
    <package name="pipeline-console-view.pipeline-console.main.components">
      <metrics statements="18" coveredstatements="12" conditionals="31" coveredconditionals="12" methods="5" coveredmethods="5"/>
      <file name="stages-customization.tsx" path="/Users/ajalkhare/Desktop/Personal/supergit/pipeline-graph-view-plugin/src/main/frontend/pipeline-console-view/pipeline-console/main/components/stages-customization.tsx">
        <metrics statements="18" coveredstatements="12" conditionals="31" coveredconditionals="12" methods="5" coveredmethods="5"/>
        <line num="18" count="8" type="stmt"/>
        <line num="20" count="8" type="stmt"/>
        <line num="23" count="8" type="cond" truecount="2" falsecount="0"/>
        <line num="24" count="1" type="stmt"/>
        <line num="27" count="7" type="stmt"/>
        <line num="28" count="1" type="stmt"/>
        <line num="31" count="7" type="stmt"/>
        <line num="32" count="1" type="stmt"/>
        <line num="35" count="7" type="stmt"/>
        <line num="171" count="1" type="stmt"/>
        <line num="190" count="7" type="cond" truecount="3" falsecount="1"/>
        <line num="191" count="7" type="stmt"/>
        <line num="213" count="0" type="cond" truecount="0" falsecount="4"/>
        <line num="214" count="0" type="stmt"/>
        <line num="236" count="0" type="cond" truecount="0" falsecount="4"/>
        <line num="237" count="0" type="stmt"/>
        <line num="258" count="0" type="cond" truecount="0" falsecount="2"/>
        <line num="262" count="0" type="stmt"/>
      </file>
    </package>
    <package name="pipeline-graph-view.pipeline-graph.main">
      <metrics statements="446" coveredstatements="324" conditionals="290" coveredconditionals="197" methods="106" coveredmethods="68"/>
      <file name="NestedPipelineGraphLayout.ts" path="/Users/ajalkhare/Desktop/Personal/supergit/pipeline-graph-view-plugin/src/main/frontend/pipeline-graph-view/pipeline-graph/main/NestedPipelineGraphLayout.ts">
        <metrics statements="183" coveredstatements="167" conditionals="140" coveredconditionals="128" methods="47" coveredmethods="40"/>
        <line num="14" count="4" type="stmt"/>
        <line num="26" count="10" type="cond" truecount="1" falsecount="1"/>
        <line num="29" count="10" type="stmt"/>
        <line num="30" count="10" type="stmt"/>
        <line num="31" count="10" type="stmt"/>
        <line num="53" count="10" type="cond" truecount="2" falsecount="0"/>
        <line num="54" count="5" type="stmt"/>
        <line num="63" count="5" type="stmt"/>
        <line num="66" count="10" type="stmt"/>
        <line num="70" count="10" type="stmt"/>
        <line num="80" count="10" type="stmt"/>
        <line num="82" count="10" type="stmt"/>
        <line num="83" count="10" type="stmt"/>
        <line num="85" count="10" type="stmt"/>
        <line num="86" count="10" type="stmt"/>
        <line num="87" count="10" type="stmt"/>
        <line num="88" count="171" type="stmt"/>
        <line num="89" count="10" type="stmt"/>
        <line num="90" count="10" type="stmt"/>
        <line num="91" count="10" type="stmt"/>
        <line num="92" count="10" type="stmt"/>
        <line num="94" count="10" type="stmt"/>
        <line num="95" count="10" type="cond" truecount="1" falsecount="1"/>
        <line num="96" count="10" type="stmt"/>
        <line num="110" count="171" type="stmt"/>
        <line num="114" count="37" type="stmt"/>
        <line num="118" count="82" type="stmt"/>
        <line num="122" count="82" type="stmt"/>
        <line num="136" count="210" type="stmt"/>
        <line num="143" count="143" type="stmt"/>
        <line num="146" count="4" type="stmt"/>
        <line num="160" count="8" type="cond" truecount="4" falsecount="2"/>
        <line num="164" count="12" type="stmt"/>
        <line num="165" count="12" type="stmt"/>
        <line num="166" count="8" type="stmt"/>
        <line num="168" count="12" type="stmt"/>
        <line num="172" count="5" type="stmt"/>
        <line num="173" count="5" type="cond" truecount="2" falsecount="0"/>
        <line num="174" count="1" type="stmt"/>
        <line num="176" count="4" type="stmt"/>
        <line num="189" count="89" type="stmt"/>
        <line num="190" count="84" type="cond" truecount="2" falsecount="0"/>
        <line num="199" count="65" type="stmt"/>
        <line num="201" count="84" type="stmt"/>
        <line num="213" count="5" type="stmt"/>
        <line num="214" count="5" type="stmt"/>
        <line num="217" count="5" type="cond" truecount="2" falsecount="0"/>
        <line num="220" count="5" type="stmt"/>
        <line num="221" count="49" type="stmt"/>
        <line num="226" count="5" type="cond" truecount="2" falsecount="0"/>
        <line num="227" count="2" type="stmt"/>
        <line num="245" count="90" type="cond" truecount="4" falsecount="0"/>
        <line num="246" count="33" type="stmt"/>
        <line num="247" count="85" type="stmt"/>
        <line num="248" count="85" type="stmt"/>
        <line num="249" count="85" type="stmt"/>
        <line num="250" count="85" type="cond" truecount="2" falsecount="0"/>
        <line num="251" count="85" type="cond" truecount="4" falsecount="0"/>
        <line num="256" count="1" type="stmt"/>
        <line num="261" count="1" type="stmt"/>
        <line num="264" count="85" type="cond" truecount="5" falsecount="0"/>
        <line num="269" count="85" type="stmt"/>
        <line num="271" count="85" type="cond" truecount="2" falsecount="0"/>
        <line num="274" count="85" type="cond" truecount="3" falsecount="0"/>
        <line num="278" count="85" type="cond" truecount="3" falsecount="0"/>
        <line num="280" count="85" type="cond" truecount="6" falsecount="0"/>
        <line num="284" count="85" type="cond" truecount="2" falsecount="0"/>
        <line num="285" count="85" type="stmt"/>
        <line num="296" count="85" type="stmt"/>
        <line num="297" count="85" type="cond" truecount="2" falsecount="0"/>
        <line num="298" count="85" type="cond" truecount="2" falsecount="0"/>
        <line num="305" count="7" type="stmt"/>
        <line num="306" count="7" type="stmt"/>
        <line num="308" count="85" type="stmt"/>
        <line num="310" count="33" type="cond" truecount="2" falsecount="0"/>
        <line num="312" count="15" type="stmt"/>
        <line num="313" count="15" type="stmt"/>
        <line num="314" count="15" type="stmt"/>
        <line num="315" count="15" type="stmt"/>
        <line num="320" count="18" type="stmt"/>
        <line num="321" count="18" type="stmt"/>
        <line num="322" count="18" type="stmt"/>
        <line num="324" count="33" type="stmt"/>
        <line num="325" count="33" type="stmt"/>
        <line num="329" count="90" type="cond" truecount="2" falsecount="0"/>
        <line num="333" count="5" type="stmt"/>
        <line num="334" count="5" type="stmt"/>
        <line num="353" count="171" type="cond" truecount="2" falsecount="0"/>
        <line num="354" count="38" type="stmt"/>
        <line num="355" count="38" type="stmt"/>
        <line num="356" count="38" type="stmt"/>
        <line num="357" count="38" type="stmt"/>
        <line num="358" count="161" type="stmt"/>
        <line num="359" count="161" type="stmt"/>
        <line num="360" count="161" type="stmt"/>
        <line num="361" count="161" type="cond" truecount="2" falsecount="0"/>
        <line num="362" count="37" type="cond" truecount="2" falsecount="0"/>
        <line num="364" count="22" type="stmt"/>
        <line num="365" count="22" type="stmt"/>
        <line num="367" count="37" type="stmt"/>
        <line num="369" count="37" type="stmt"/>
        <line num="373" count="37" type="cond" truecount="2" falsecount="0"/>
        <line num="374" count="25" type="stmt"/>
        <line num="375" count="25" type="stmt"/>
        <line num="378" count="124" type="stmt"/>
        <line num="379" count="124" type="cond" truecount="2" falsecount="0"/>
        <line num="380" count="15" type="stmt"/>
        <line num="381" count="15" type="stmt"/>
        <line num="384" count="161" type="stmt"/>
        <line num="389" count="10" type="stmt"/>
        <line num="390" count="10" type="stmt"/>
        <line num="391" count="10" type="stmt"/>
        <line num="398" count="171" type="cond" truecount="2" falsecount="0"/>
        <line num="399" count="133" type="stmt"/>
        <line num="401" count="38" type="cond" truecount="2" falsecount="0"/>
        <line num="402" count="15" type="stmt"/>
        <line num="403" count="37" type="stmt"/>
        <line num="407" count="23" type="stmt"/>
        <line num="408" count="23" type="stmt"/>
        <line num="409" count="23" type="stmt"/>
        <line num="414" count="114" type="stmt"/>
        <line num="415" count="136" type="cond" truecount="4" falsecount="0"/>
        <line num="416" count="129" type="stmt"/>
        <line num="418" count="7" type="stmt"/>
        <line num="421" count="114" type="cond" truecount="2" falsecount="0"/>
        <line num="424" count="115" type="cond" truecount="2" falsecount="0"/>
        <line num="425" count="7" type="stmt"/>
        <line num="426" count="7" type="stmt"/>
        <line num="428" count="107" type="stmt"/>
        <line num="432" count="123" type="stmt"/>
        <line num="434" count="107" type="stmt"/>
        <line num="435" count="107" type="stmt"/>
        <line num="437" count="23" type="cond" truecount="2" falsecount="0"/>
        <line num="438" count="13" type="stmt"/>
        <line num="440" count="23" type="stmt"/>
        <line num="441" count="101" type="stmt"/>
        <line num="442" count="101" type="stmt"/>
        <line num="443" count="101" type="stmt"/>
        <line num="450" count="23" type="stmt"/>
        <line num="451" count="23" type="cond" truecount="4" falsecount="1"/>
        <line num="452" count="0" type="stmt"/>
        <line num="454" count="23" type="stmt"/>
        <line num="458" count="10" type="stmt"/>
        <line num="459" count="171" type="stmt"/>
        <line num="461" count="50" type="stmt"/>
        <line num="473" count="10" type="stmt"/>
        <line num="474" count="171" type="stmt"/>
        <line num="476" count="11" type="stmt"/>
        <line num="487" count="10" type="stmt"/>
        <line num="488" count="171" type="stmt"/>
        <line num="490" count="33" type="stmt"/>
        <line num="502" count="10" type="stmt"/>
        <line num="503" count="171" type="stmt"/>
        <line num="505" count="49" type="stmt"/>
        <line num="517" count="171" type="stmt"/>
        <line num="534" count="134" type="stmt"/>
        <line num="551" count="0" type="stmt"/>
        <line num="552" count="0" type="stmt"/>
        <line num="556" count="0" type="stmt"/>
        <line num="566" count="0" type="stmt"/>
        <line num="567" count="0" type="stmt"/>
        <line num="568" count="0" type="stmt"/>
        <line num="570" count="0" type="stmt"/>
        <line num="571" count="0" type="stmt"/>
        <line num="572" count="0" type="cond" truecount="0" falsecount="2"/>
        <line num="589" count="0" type="stmt"/>
        <line num="590" count="0" type="stmt"/>
        <line num="591" count="0" type="stmt"/>
        <line num="592" count="0" type="stmt"/>
        <line num="593" count="0" type="stmt"/>
        <line num="603" count="171" type="cond" truecount="2" falsecount="0"/>
        <line num="604" count="171" type="cond" truecount="2" falsecount="0"/>
        <line num="605" count="171" type="cond" truecount="2" falsecount="0"/>
        <line num="606" count="171" type="cond" truecount="2" falsecount="0"/>
        <line num="607" count="171" type="cond" truecount="2" falsecount="0"/>
        <line num="608" count="171" type="cond" truecount="2" falsecount="0"/>
        <line num="609" count="171" type="cond" truecount="2" falsecount="0"/>
        <line num="610" count="171" type="cond" truecount="2" falsecount="0"/>
        <line num="611" count="171" type="cond" truecount="2" falsecount="0"/>
        <line num="613" count="171" type="stmt"/>
        <line num="614" count="2442" type="cond" truecount="2" falsecount="0"/>
        <line num="615" count="2271" type="cond" truecount="1" falsecount="1"/>
        <line num="616" count="0" type="stmt"/>
      </file>
      <file name="PipelineGraph.tsx" path="/Users/ajalkhare/Desktop/Personal/supergit/pipeline-graph-view-plugin/src/main/frontend/pipeline-graph-view/pipeline-graph/main/PipelineGraph.tsx">
        <metrics statements="94" coveredstatements="2" conditionals="70" coveredconditionals="0" methods="30" coveredmethods="0"/>
        <line num="44" count="1" type="stmt"/>
        <line num="46" count="1" type="stmt"/>
        <line num="55" count="0" type="stmt"/>
        <line num="56" count="0" type="stmt"/>
        <line num="61" count="0" type="stmt"/>
        <line num="64" count="0" type="stmt"/>
        <line num="66" count="0" type="stmt"/>
        <line num="67" count="0" type="stmt"/>
        <line num="70" count="0" type="stmt"/>
        <line num="71" count="0" type="cond" truecount="0" falsecount="2"/>
        <line num="72" count="0" type="stmt"/>
        <line num="73" count="0" type="cond" truecount="0" falsecount="2"/>
        <line num="75" count="0" type="stmt"/>
        <line num="76" count="0" type="cond" truecount="0" falsecount="2"/>
        <line num="78" count="0" type="stmt"/>
        <line num="82" count="0" type="stmt"/>
        <line num="86" count="0" type="cond" truecount="0" falsecount="2"/>
        <line num="89" count="0" type="stmt"/>
        <line num="91" count="0" type="stmt"/>
        <line num="92" count="0" type="stmt"/>
        <line num="93" count="0" type="stmt"/>
        <line num="96" count="0" type="stmt"/>
        <line num="97" count="0" type="stmt"/>
        <line num="109" count="0" type="stmt"/>
        <line num="111" count="0" type="cond" truecount="0" falsecount="2"/>
        <line num="112" count="0" type="stmt"/>
        <line num="123" count="0" type="stmt"/>
        <line num="144" count="0" type="stmt"/>
        <line num="146" count="0" type="cond" truecount="0" falsecount="4"/>
        <line num="154" count="0" type="stmt"/>
        <line num="155" count="0" type="stmt"/>
        <line num="156" count="0" type="stmt"/>
        <line num="157" count="0" type="stmt"/>
        <line num="159" count="0" type="stmt"/>
        <line num="160" count="0" type="cond" truecount="0" falsecount="2"/>
        <line num="161" count="0" type="stmt"/>
        <line num="162" count="0" type="stmt"/>
        <line num="163" count="0" type="stmt"/>
        <line num="164" count="0" type="stmt"/>
        <line num="165" count="0" type="cond" truecount="0" falsecount="2"/>
        <line num="166" count="0" type="stmt"/>
        <line num="167" count="0" type="stmt"/>
        <line num="173" count="0" type="stmt"/>
        <line num="174" count="0" type="cond" truecount="0" falsecount="2"/>
        <line num="181" count="0" type="stmt"/>
        <line num="183" count="0" type="stmt"/>
        <line num="184" count="0" type="stmt"/>
        <line num="186" count="0" type="stmt"/>
        <line num="187" count="0" type="cond" truecount="0" falsecount="2"/>
        <line num="188" count="0" type="stmt"/>
        <line num="190" count="0" type="stmt"/>
        <line num="191" count="0" type="stmt"/>
        <line num="192" count="0" type="cond" truecount="0" falsecount="2"/>
        <line num="194" count="0" type="stmt"/>
        <line num="195" count="0" type="stmt"/>
        <line num="196" count="0" type="stmt"/>
        <line num="197" count="0" type="cond" truecount="0" falsecount="2"/>
        <line num="198" count="0" type="cond" truecount="0" falsecount="2"/>
        <line num="201" count="0" type="cond" truecount="0" falsecount="2"/>
        <line num="202" count="0" type="stmt"/>
        <line num="205" count="0" type="stmt"/>
        <line num="206" count="0" type="cond" truecount="0" falsecount="2"/>
        <line num="207" count="0" type="stmt"/>
        <line num="208" count="0" type="stmt"/>
        <line num="209" count="0" type="stmt"/>
        <line num="210" count="0" type="stmt"/>
        <line num="214" count="0" type="stmt"/>
        <line num="216" count="0" type="cond" truecount="0" falsecount="2"/>
        <line num="217" count="0" type="cond" truecount="0" falsecount="2"/>
        <line num="218" count="0" type="stmt"/>
        <line num="228" count="0" type="stmt"/>
        <line num="229" count="0" type="stmt"/>
        <line num="230" count="0" type="stmt"/>
        <line num="231" count="0" type="cond" truecount="0" falsecount="4"/>
        <line num="232" count="0" type="cond" truecount="0" falsecount="2"/>
        <line num="233" count="0" type="cond" truecount="0" falsecount="2"/>
        <line num="235" count="0" type="stmt"/>
        <line num="237" count="0" type="stmt"/>
        <line num="238" count="0" type="cond" truecount="0" falsecount="2"/>
        <line num="240" count="0" type="cond" truecount="0" falsecount="2"/>
        <line num="243" count="0" type="stmt"/>
        <line num="244" count="0" type="stmt"/>
        <line num="248" count="0" type="stmt"/>
        <line num="249" count="0" type="stmt"/>
        <line num="253" count="0" type="stmt"/>
        <line num="257" count="0" type="cond" truecount="0" falsecount="2"/>
        <line num="258" count="0" type="stmt"/>
        <line num="261" count="0" type="stmt"/>
        <line num="275" count="0" type="stmt"/>
        <line num="280" count="0" type="stmt"/>
        <line num="292" count="0" type="stmt"/>
        <line num="302" count="0" type="stmt"/>
        <line num="312" count="0" type="stmt"/>
        <line num="321" count="0" type="stmt"/>
      </file>
      <file name="PipelineGraphLayout.ts" path="/Users/ajalkhare/Desktop/Personal/supergit/pipeline-graph-view-plugin/src/main/frontend/pipeline-graph-view/pipeline-graph/main/PipelineGraphLayout.ts">
        <metrics statements="169" coveredstatements="155" conditionals="80" coveredconditionals="69" methods="29" coveredmethods="28"/>
        <line num="17" count="3" type="stmt"/>
        <line num="38" count="9" type="cond" truecount="1" falsecount="1"/>
        <line num="41" count="9" type="stmt"/>
        <line num="43" count="9" type="stmt"/>
        <line num="53" count="9" type="stmt"/>
        <line num="63" count="9" type="stmt"/>
        <line num="75" count="315" type="cond" truecount="1" falsecount="1"/>
        <line num="77" count="0" type="cond" truecount="0" falsecount="2"/>
        <line num="78" count="0" type="stmt"/>
        <line num="79" count="0" type="stmt"/>
        <line num="82" count="315" type="stmt"/>
        <line num="86" count="7" type="stmt"/>
        <line num="87" count="315" type="stmt"/>
        <line num="88" count="315" type="stmt"/>
        <line num="89" count="315" type="stmt"/>
        <line num="90" count="315" type="stmt"/>
        <line num="97" count="9" type="cond" truecount="2" falsecount="0"/>
        <line num="98" count="2" type="stmt"/>
        <line num="101" count="7" type="stmt"/>
        <line num="102" count="7" type="stmt"/>
        <line num="103" count="7" type="stmt"/>
        <line num="110" count="329" type="cond" truecount="2" falsecount="0"/>
        <line num="112" count="7" type="stmt"/>
        <line num="114" count="7" type="stmt"/>
        <line num="116" count="7" type="cond" truecount="2" falsecount="0"/>
        <line num="117" count="1" type="stmt"/>
        <line num="121" count="6" type="stmt"/>
        <line num="123" count="6" type="stmt"/>
        <line num="126" count="235" type="stmt"/>
        <line num="127" count="235" type="stmt"/>
        <line num="130" count="6" type="stmt"/>
        <line num="133" count="9" type="stmt"/>
        <line num="139" count="9" type="stmt"/>
        <line num="141" count="9" type="stmt"/>
        <line num="147" count="9" type="stmt"/>
        <line num="148" count="9" type="stmt"/>
        <line num="149" count="9" type="stmt"/>
        <line num="150" count="9" type="stmt"/>
        <line num="152" count="9" type="stmt"/>
        <line num="153" count="137" type="stmt"/>
        <line num="157" count="9" type="stmt"/>
        <line num="158" count="9" type="stmt"/>
        <line num="159" count="9" type="stmt"/>
        <line num="160" count="139" type="stmt"/>
        <line num="161" count="139" type="stmt"/>
        <line num="164" count="9" type="stmt"/>
        <line num="183" count="23" type="stmt"/>
        <line num="185" count="23" type="stmt"/>
        <line num="189" count="711" type="stmt"/>
        <line num="202" count="23" type="stmt"/>
        <line num="205" count="679" type="cond" truecount="4" falsecount="0"/>
        <line num="209" count="679" type="stmt"/>
        <line num="217" count="679" type="stmt"/>
        <line num="218" count="691" type="stmt"/>
        <line num="219" count="691" type="cond" truecount="4" falsecount="0"/>
        <line num="220" count="12" type="stmt"/>
        <line num="221" count="12" type="stmt"/>
        <line num="222" count="32" type="stmt"/>
        <line num="225" count="679" type="stmt"/>
        <line num="227" count="691" type="stmt"/>
        <line num="230" count="679" type="stmt"/>
        <line num="233" count="23" type="stmt"/>
        <line num="234" count="674" type="stmt"/>
        <line num="236" count="674" type="stmt"/>
        <line num="237" count="679" type="stmt"/>
        <line num="241" count="23" type="stmt"/>
        <line num="248" count="2765" type="cond" truecount="2" falsecount="0"/>
        <line num="261" count="690" type="cond" truecount="1" falsecount="1"/>
        <line num="262" count="0" type="stmt"/>
        <line num="264" count="690" type="stmt"/>
        <line num="266" count="711" type="cond" truecount="2" falsecount="0"/>
        <line num="267" count="711" type="stmt"/>
        <line num="268" count="711" type="cond" truecount="2" falsecount="0"/>
        <line num="269" count="4" type="stmt"/>
        <line num="281" count="9" type="stmt"/>
        <line num="284" count="9" type="stmt"/>
        <line num="285" count="133" type="stmt"/>
        <line num="287" count="133" type="stmt"/>
        <line num="289" count="133" type="cond" truecount="2" falsecount="0"/>
        <line num="291" count="124" type="cond" truecount="4" falsecount="0"/>
        <line num="293" count="24" type="cond" truecount="2" falsecount="0"/>
        <line num="294" count="6" type="stmt"/>
        <line num="296" count="18" type="stmt"/>
        <line num="299" count="100" type="stmt"/>
        <line num="303" count="133" type="stmt"/>
        <line num="304" count="133" type="stmt"/>
        <line num="305" count="137" type="stmt"/>
        <line num="308" count="133" type="stmt"/>
        <line num="311" count="133" type="cond" truecount="2" falsecount="0"/>
        <line num="312" count="2" type="stmt"/>
        <line num="315" count="133" type="stmt"/>
        <line num="317" count="133" type="stmt"/>
        <line num="318" count="137" type="stmt"/>
        <line num="321" count="137" type="stmt"/>
        <line num="323" count="137" type="stmt"/>
        <line num="324" count="139" type="stmt"/>
        <line num="325" count="139" type="stmt"/>
        <line num="326" count="139" type="stmt"/>
        <line num="327" count="139" type="stmt"/>
        <line num="330" count="137" type="stmt"/>
        <line num="333" count="133" type="stmt"/>
        <line num="334" count="133" type="stmt"/>
        <line num="335" count="133" type="stmt"/>
        <line num="337" count="133" type="stmt"/>
        <line num="350" count="9" type="stmt"/>
        <line num="352" count="9" type="cond" truecount="4" falsecount="0"/>
        <line num="353" count="7" type="stmt"/>
        <line num="356" count="2" type="stmt"/>
        <line num="357" count="33" type="stmt"/>
        <line num="359" count="33" type="cond" truecount="1" falsecount="1"/>
        <line num="360" count="0" type="stmt"/>
        <line num="362" count="33" type="stmt"/>
        <line num="363" count="33" type="cond" truecount="2" falsecount="0"/>
        <line num="364" count="33" type="stmt"/>
        <line num="367" count="33" type="stmt"/>
        <line num="368" count="33" type="cond" truecount="2" falsecount="0"/>
        <line num="369" count="2" type="stmt"/>
        <line num="372" count="33" type="stmt"/>
        <line num="382" count="2" type="stmt"/>
        <line num="393" count="9" type="stmt"/>
        <line num="395" count="9" type="cond" truecount="3" falsecount="1"/>
        <line num="396" count="9" type="stmt"/>
        <line num="399" count="0" type="stmt"/>
        <line num="400" count="0" type="stmt"/>
        <line num="401" count="0" type="cond" truecount="0" falsecount="2"/>
        <line num="402" count="0" type="stmt"/>
        <line num="404" count="0" type="stmt"/>
        <line num="406" count="0" type="stmt"/>
        <line num="416" count="0" type="stmt"/>
        <line num="426" count="9" type="stmt"/>
        <line num="427" count="9" type="cond" truecount="2" falsecount="0"/>
        <line num="428" count="7" type="stmt"/>
        <line num="430" count="2" type="stmt"/>
        <line num="431" count="33" type="stmt"/>
        <line num="432" count="37" type="stmt"/>
        <line num="434" count="39" type="cond" truecount="4" falsecount="0"/>
        <line num="435" count="31" type="stmt"/>
        <line num="437" count="8" type="stmt"/>
        <line num="445" count="8" type="cond" truecount="1" falsecount="1"/>
        <line num="446" count="8" type="stmt"/>
        <line num="449" count="8" type="stmt"/>
        <line num="454" count="2" type="stmt"/>
        <line num="464" count="9" type="stmt"/>
        <line num="465" count="9" type="cond" truecount="2" falsecount="0"/>
        <line num="466" count="7" type="stmt"/>
        <line num="468" count="2" type="stmt"/>
        <line num="470" count="2" type="stmt"/>
        <line num="471" count="33" type="cond" truecount="2" falsecount="0"/>
        <line num="472" count="2" type="stmt"/>
        <line num="473" count="6" type="stmt"/>
        <line num="474" count="6" type="cond" truecount="4" falsecount="0"/>
        <line num="475" count="2" type="stmt"/>
        <line num="487" count="2" type="stmt"/>
        <line num="497" count="9" type="stmt"/>
        <line num="499" count="9" type="stmt"/>
        <line num="500" count="9" type="stmt"/>
        <line num="502" count="9" type="stmt"/>
        <line num="503" count="133" type="cond" truecount="3" falsecount="1"/>
        <line num="504" count="0" type="stmt"/>
        <line num="508" count="0" type="stmt"/>
        <line num="512" count="133" type="cond" truecount="2" falsecount="0"/>
        <line num="513" count="124" type="stmt"/>
        <line num="515" count="128" type="stmt"/>
        <line num="522" count="133" type="stmt"/>
        <line num="523" count="137" type="stmt"/>
        <line num="524" count="2" type="stmt"/>
        <line num="533" count="137" type="stmt"/>
        <line num="534" count="133" type="stmt"/>
        <line num="537" count="9" type="stmt"/>
      </file>
    </package>
  </project>
</coverage>
