{"/Users/ajalkhare/Desktop/Personal/supergit/pipeline-graph-view-plugin/src/main/frontend/common/user/user-preferences-provider.tsx": {"path":"/Users/ajalkhare/Desktop/Personal/supergit/pipeline-graph-view-plugin/src/main/frontend/common/user/user-preferences-provider.tsx","statementMap":{"0":{"start":{"line":12,"column":27},"end":{"line":16,"column":null}},"1":{"start":{"line":18,"column":6},"end":{"line":20,"column":12}},"2":{"start":{"line":22,"column":6},"end":{"line":22,"column":null}},"3":{"start":{"line":22,"column":37},"end":{"line":22,"column":null}},"4":{"start":{"line":24,"column":6},"end":{"line":34,"column":null}},"5":{"start":{"line":28,"column":2},"end":{"line":29,"column":null}},"6":{"start":{"line":29,"column":4},"end":{"line":29,"column":null}},"7":{"start":{"line":31,"column":2},"end":{"line":32,"column":null}},"8":{"start":{"line":32,"column":4},"end":{"line":32,"column":null}},"9":{"start":{"line":34,"column":2},"end":{"line":34,"column":null}},"10":{"start":{"line":37,"column":6},"end":{"line":44,"column":null}},"11":{"start":{"line":38,"column":2},"end":{"line":42,"column":null}},"12":{"start":{"line":39,"column":18},"end":{"line":39,"column":null}},"13":{"start":{"line":40,"column":4},"end":{"line":40,"column":null}},"14":{"start":{"line":42,"column":4},"end":{"line":42,"column":null}},"15":{"start":{"line":44,"column":2},"end":{"line":44,"column":null}},"16":{"start":{"line":47,"column":6},"end":{"line":55,"column":null}},"17":{"start":{"line":48,"column":28},"end":{"line":49,"column":null}},"18":{"start":{"line":52,"column":4},"end":{"line":54,"column":null}},"19":{"start":{"line":55,"column":2},"end":{"line":55,"column":null}},"20":{"start":{"line":58,"column":13},"end":{"line":119,"column":null}},"21":{"start":{"line":63,"column":24},"end":{"line":63,"column":45}},"22":{"start":{"line":64,"column":28},"end":{"line":64,"column":53}},"23":{"start":{"line":65,"column":34},"end":{"line":65,"column":65}},"24":{"start":{"line":67,"column":20},"end":{"line":71,"column":null}},"25":{"start":{"line":73,"column":24},"end":{"line":80,"column":null}},"26":{"start":{"line":82,"column":31},"end":{"line":89,"column":null}},"27":{"start":{"line":92,"column":8},"end":{"line":94,"column":null}},"28":{"start":{"line":93,"column":4},"end":{"line":93,"column":null}},"29":{"start":{"line":94,"column":4},"end":{"line":94,"column":null}},"30":{"start":{"line":97,"column":8},"end":{"line":99,"column":null}},"31":{"start":{"line":98,"column":4},"end":{"line":98,"column":null}},"32":{"start":{"line":99,"column":4},"end":{"line":99,"column":null}},"33":{"start":{"line":102,"column":8},"end":{"line":104,"column":null}},"34":{"start":{"line":103,"column":4},"end":{"line":103,"column":null}},"35":{"start":{"line":104,"column":4},"end":{"line":104,"column":null}},"36":{"start":{"line":107,"column":2},"end":{"line":119,"column":null}},"37":{"start":{"line":123,"column":13},"end":{"line":130,"column":null}},"38":{"start":{"line":124,"column":8},"end":{"line":124,"column":52}},"39":{"start":{"line":125,"column":2},"end":{"line":128,"column":null}},"40":{"start":{"line":126,"column":4},"end":{"line":128,"column":null}},"41":{"start":{"line":130,"column":2},"end":{"line":130,"column":null}}},"fnMap":{"0":{"name":"(anonymous_0)","decl":{"start":{"line":22,"column":6},"end":{"line":22,"column":17}},"loc":{"start":{"line":22,"column":37},"end":{"line":22,"column":null}},"line":22},"1":{"name":"(anonymous_1)","decl":{"start":{"line":24,"column":6},"end":{"line":24,"column":null}},"loc":{"start":{"line":27,"column":8},"end":{"line":34,"column":null}},"line":27},"2":{"name":"(anonymous_2)","decl":{"start":{"line":37,"column":6},"end":{"line":37,"column":34}},"loc":{"start":{"line":37,"column":66},"end":{"line":44,"column":null}},"line":37},"3":{"name":"(anonymous_3)","decl":{"start":{"line":47,"column":6},"end":{"line":47,"column":25}},"loc":{"start":{"line":47,"column":57},"end":{"line":55,"column":null}},"line":47},"4":{"name":"(anonymous_4)","decl":{"start":{"line":58,"column":13},"end":{"line":58,"column":40}},"loc":{"start":{"line":62,"column":6},"end":{"line":119,"column":null}},"line":62},"5":{"name":"(anonymous_5)","decl":{"start":{"line":92,"column":8},"end":{"line":92,"column":28}},"loc":{"start":{"line":92,"column":45},"end":{"line":94,"column":null}},"line":92},"6":{"name":"(anonymous_6)","decl":{"start":{"line":97,"column":8},"end":{"line":97,"column":32}},"loc":{"start":{"line":97,"column":49},"end":{"line":99,"column":null}},"line":97},"7":{"name":"(anonymous_7)","decl":{"start":{"line":102,"column":8},"end":{"line":102,"column":39}},"loc":{"start":{"line":102,"column":56},"end":{"line":104,"column":null}},"line":102},"8":{"name":"(anonymous_8)","decl":{"start":{"line":123,"column":13},"end":{"line":123,"column":70}},"loc":{"start":{"line":123,"column":70},"end":{"line":130,"column":null}},"line":123}},"branchMap":{"0":{"loc":{"start":{"line":28,"column":2},"end":{"line":29,"column":null}},"type":"if","locations":[{"start":{"line":28,"column":2},"end":{"line":29,"column":null}},{"start":{},"end":{}}],"line":28},"1":{"loc":{"start":{"line":31,"column":2},"end":{"line":32,"column":null}},"type":"if","locations":[{"start":{"line":31,"column":2},"end":{"line":32,"column":null}},{"start":{},"end":{}}],"line":31},"2":{"loc":{"start":{"line":39,"column":18},"end":{"line":39,"column":null}},"type":"binary-expr","locations":[{"start":{"line":39,"column":18},"end":{"line":39,"column":50}},{"start":{"line":39,"column":54},"end":{"line":39,"column":null}}],"line":39},"3":{"loc":{"start":{"line":52,"column":4},"end":{"line":54,"column":null}},"type":"cond-expr","locations":[{"start":{"line":53,"column":9},"end":{"line":53,"column":null}},{"start":{"line":54,"column":8},"end":{"line":54,"column":null}}],"line":52},"4":{"loc":{"start":{"line":52,"column":4},"end":{"line":52,"column":null}},"type":"binary-expr","locations":[{"start":{"line":52,"column":4},"end":{"line":52,"column":25}},{"start":{"line":52,"column":25},"end":{"line":52,"column":null}}],"line":52},"5":{"loc":{"start":{"line":125,"column":2},"end":{"line":128,"column":null}},"type":"if","locations":[{"start":{"line":125,"column":2},"end":{"line":128,"column":null}},{"start":{},"end":{}}],"line":125}},"s":{"0":2,"1":2,"2":2,"3":36,"4":2,"5":72,"6":62,"7":10,"8":10,"9":0,"10":2,"11":36,"12":36,"13":36,"14":0,"15":0,"16":2,"17":36,"18":36,"19":36,"20":2,"21":12,"22":12,"23":12,"24":12,"25":12,"26":12,"27":12,"28":1,"29":1,"30":12,"31":1,"32":1,"33":12,"34":2,"35":2,"36":12,"37":2,"38":12,"39":12,"40":0,"41":12},"f":{"0":36,"1":72,"2":36,"3":36,"4":12,"5":1,"6":1,"7":2,"8":12},"b":{"0":[62,10],"1":[10,0],"2":[36,26],"3":[0,36],"4":[36,0],"5":[0,12]},"meta":{"lastBranch":6,"lastFunction":9,"lastStatement":42,"seen":{"s:12:27:16:Infinity":0,"s:18:6:20:12":1,"s:22:6:22:Infinity":2,"f:22:6:22:17":0,"s:22:37:22:Infinity":3,"s:24:6:34:Infinity":4,"f:24:6:24:Infinity":1,"b:28:2:29:Infinity:undefined:undefined:undefined:undefined":0,"s:28:2:29:Infinity":5,"s:29:4:29:Infinity":6,"b:31:2:32:Infinity:undefined:undefined:undefined:undefined":1,"s:31:2:32:Infinity":7,"s:32:4:32:Infinity":8,"s:34:2:34:Infinity":9,"s:37:6:44:Infinity":10,"f:37:6:37:34":2,"s:38:2:42:Infinity":11,"s:39:18:39:Infinity":12,"b:39:18:39:50:39:54:39:Infinity":2,"s:40:4:40:Infinity":13,"s:42:4:42:Infinity":14,"s:44:2:44:Infinity":15,"s:47:6:55:Infinity":16,"f:47:6:47:25":3,"s:48:28:49:Infinity":17,"s:52:4:54:Infinity":18,"b:53:9:53:Infinity:54:8:54:Infinity":3,"b:52:4:52:25:52:25:52:Infinity":4,"s:55:2:55:Infinity":19,"s:58:13:119:Infinity":20,"f:58:13:58:40":4,"s:63:24:63:45":21,"s:64:28:64:53":22,"s:65:34:65:65":23,"s:67:20:71:Infinity":24,"s:73:24:80:Infinity":25,"s:82:31:89:Infinity":26,"s:92:8:94:Infinity":27,"f:92:8:92:28":5,"s:93:4:93:Infinity":28,"s:94:4:94:Infinity":29,"s:97:8:99:Infinity":30,"f:97:8:97:32":6,"s:98:4:98:Infinity":31,"s:99:4:99:Infinity":32,"s:102:8:104:Infinity":33,"f:102:8:102:39":7,"s:103:4:103:Infinity":34,"s:104:4:104:Infinity":35,"s:107:2:119:Infinity":36,"s:123:13:130:Infinity":37,"f:123:13:123:70":8,"s:124:8:124:52":38,"b:125:2:128:Infinity:undefined:undefined:undefined:undefined":5,"s:125:2:128:Infinity":39,"s:126:4:128:Infinity":40,"s:130:2:130:Infinity":41}}}
,"/Users/ajalkhare/Desktop/Personal/supergit/pipeline-graph-view-plugin/src/main/frontend/multi-pipeline-graph-view/multi-pipeline-graph/main/overfow-dropdown.tsx": {"path":"/Users/ajalkhare/Desktop/Personal/supergit/pipeline-graph-view-plugin/src/main/frontend/multi-pipeline-graph-view/multi-pipeline-graph/main/overfow-dropdown.tsx","statementMap":{"0":{"start":{"line":22,"column":4},"end":{"line":23,"column":26}},"1":{"start":{"line":24,"column":10},"end":{"line":24,"column":47}},"2":{"start":{"line":25,"column":8},"end":{"line":25,"column":32}},"3":{"start":{"line":26,"column":2},"end":{"line":60,"column":null}}},"fnMap":{"0":{"name":"OverflowDropdown","decl":{"start":{"line":13,"column":24},"end":{"line":13,"column":41}},"loc":{"start":{"line":15,"column":26},"end":{"line":60,"column":null}},"line":15}},"branchMap":{"0":{"loc":{"start":{"line":48,"column":10},"end":{"line":48,"column":null}},"type":"cond-expr","locations":[{"start":{"line":48,"column":25},"end":{"line":48,"column":39}},{"start":{"line":48,"column":39},"end":{"line":48,"column":null}}],"line":48},"1":{"loc":{"start":{"line":49,"column":10},"end":{"line":56,"column":null}},"type":"cond-expr","locations":[{"start":{"line":50,"column":12},"end":{"line":54,"column":null}},{"start":{"line":56,"column":12},"end":{"line":56,"column":null}}],"line":49}},"s":{"0":5,"1":5,"2":5,"3":5},"f":{"0":5},"b":{"0":[5,0],"1":[5,0]},"meta":{"lastBranch":2,"lastFunction":1,"lastStatement":4,"seen":{"f:13:24:13:41":0,"s:22:4:23:26":0,"s:24:10:24:47":1,"s:25:8:25:32":2,"s:26:2:60:Infinity":3,"b:48:25:48:39:48:39:48:Infinity":0,"b:50:12:54:Infinity:56:12:56:Infinity":1}}}
,"/Users/ajalkhare/Desktop/Personal/supergit/pipeline-graph-view-plugin/src/main/frontend/multi-pipeline-graph-view/multi-pipeline-graph/main/settings-button.tsx": {"path":"/Users/ajalkhare/Desktop/Personal/supergit/pipeline-graph-view-plugin/src/main/frontend/multi-pipeline-graph-view/multi-pipeline-graph/main/settings-button.tsx","statementMap":{"0":{"start":{"line":18,"column":8},"end":{"line":18,"column":32}},"1":{"start":{"line":25,"column":4},"end":{"line":26,"column":26}},"2":{"start":{"line":28,"column":2},"end":{"line":58,"column":null}}},"fnMap":{"0":{"name":"SettingsButton","decl":{"start":{"line":17,"column":24},"end":{"line":17,"column":39}},"loc":{"start":{"line":17,"column":78},"end":{"line":58,"column":null}},"line":17}},"branchMap":{},"s":{"0":7,"1":7,"2":7},"f":{"0":7},"b":{},"meta":{"lastBranch":0,"lastFunction":1,"lastStatement":3,"seen":{"f:17:24:17:39":0,"s:18:8:18:32":0,"s:25:4:26:26":1,"s:28:2:58:Infinity":2}}}
,"/Users/ajalkhare/Desktop/Personal/supergit/pipeline-graph-view-plugin/src/main/frontend/pipeline-console-view/pipeline-console/main/PipelineConsole.tsx": {"path":"/Users/ajalkhare/Desktop/Personal/supergit/pipeline-graph-view-plugin/src/main/frontend/pipeline-console-view/pipeline-console/main/PipelineConsole.tsx","statementMap":{"0":{"start":{"line":27,"column":22},"end":{"line":27,"column":70}},"1":{"start":{"line":28,"column":25},"end":{"line":28,"column":null}},"2":{"start":{"line":29,"column":26},"end":{"line":29,"column":null}},"3":{"start":{"line":31,"column":29},"end":{"line":31,"column":74}},"4":{"start":{"line":47,"column":4},"end":{"line":48,"column":57}},"5":{"start":{"line":50,"column":32},"end":{"line":50,"column":null}},"6":{"start":{"line":52,"column":4},"end":{"line":52,"column":null}},"7":{"start":{"line":55,"column":4},"end":{"line":55,"column":null}},"8":{"start":{"line":57,"column":10},"end":{"line":57,"column":47}},"9":{"start":{"line":59,"column":2},"end":{"line":196,"column":null}}},"fnMap":{"0":{"name":"PipelineConsole","decl":{"start":{"line":26,"column":24},"end":{"line":26,"column":42}},"loc":{"start":{"line":26,"column":42},"end":{"line":196,"column":null}},"line":26}},"branchMap":{"0":{"loc":{"start":{"line":50,"column":32},"end":{"line":50,"column":null}},"type":"binary-expr","locations":[{"start":{"line":50,"column":32},"end":{"line":50,"column":55}},{"start":{"line":50,"column":55},"end":{"line":50,"column":null}}],"line":50},"1":{"loc":{"start":{"line":52,"column":4},"end":{"line":52,"column":null}},"type":"binary-expr","locations":[{"start":{"line":52,"column":4},"end":{"line":52,"column":29}},{"start":{"line":52,"column":29},"end":{"line":52,"column":null}}],"line":52},"2":{"loc":{"start":{"line":55,"column":4},"end":{"line":55,"column":null}},"type":"binary-expr","locations":[{"start":{"line":55,"column":4},"end":{"line":55,"column":16}},{"start":{"line":55,"column":16},"end":{"line":55,"column":28}},{"start":{"line":55,"column":28},"end":{"line":55,"column":49}},{"start":{"line":55,"column":49},"end":{"line":55,"column":null}}],"line":55},"3":{"loc":{"start":{"line":66,"column":12},"end":{"line":68,"column":null}},"type":"cond-expr","locations":[{"start":{"line":67,"column":16},"end":{"line":67,"column":null}},{"start":{"line":68,"column":16},"end":{"line":68,"column":null}}],"line":66},"4":{"loc":{"start":{"line":72,"column":12},"end":{"line":75,"column":null}},"type":"cond-expr","locations":[{"start":{"line":73,"column":14},"end":{"line":73,"column":null}},{"start":{"line":75,"column":14},"end":{"line":75,"column":null}}],"line":72},"5":{"loc":{"start":{"line":87,"column":12},"end":{"line":94,"column":null}},"type":"cond-expr","locations":[{"start":{"line":88,"column":14},"end":{"line":92,"column":null}},{"start":{"line":94,"column":14},"end":{"line":94,"column":null}}],"line":87},"6":{"loc":{"start":{"line":100,"column":7},"end":{"line":165,"column":null}},"type":"binary-expr","locations":[{"start":{"line":100,"column":7},"end":{"line":100,"column":null}},{"start":{"line":101,"column":8},"end":{"line":165,"column":null}}],"line":100},"7":{"loc":{"start":{"line":102,"column":21},"end":{"line":102,"column":null}},"type":"cond-expr","locations":[{"start":{"line":102,"column":51},"end":{"line":102,"column":64}},{"start":{"line":102,"column":64},"end":{"line":102,"column":null}}],"line":102},"8":{"loc":{"start":{"line":105,"column":11},"end":{"line":119,"column":11}},"type":"binary-expr","locations":[{"start":{"line":105,"column":11},"end":{"line":105,"column":null}},{"start":{"line":106,"column":13},"end":{"line":106,"column":null}},{"start":{"line":107,"column":14},"end":{"line":107,"column":null}},{"start":{"line":108,"column":13},"end":{"line":119,"column":11}}],"line":105},"9":{"loc":{"start":{"line":108,"column":13},"end":{"line":119,"column":11}},"type":"cond-expr","locations":[{"start":{"line":109,"column":14},"end":{"line":111,"column":15}},{"start":{"line":111,"column":14},"end":{"line":119,"column":11}}],"line":108},"10":{"loc":{"start":{"line":113,"column":31},"end":{"line":113,"column":null}},"type":"binary-expr","locations":[{"start":{"line":113,"column":31},"end":{"line":113,"column":44}},{"start":{"line":113,"column":44},"end":{"line":113,"column":null}}],"line":113},"11":{"loc":{"start":{"line":119,"column":10},"end":{"line":141,"column":null}},"type":"binary-expr","locations":[{"start":{"line":120,"column":14},"end":{"line":120,"column":null}},{"start":{"line":121,"column":14},"end":{"line":121,"column":null}},{"start":{"line":122,"column":14},"end":{"line":122,"column":null}},{"start":{"line":123,"column":16},"end":{"line":141,"column":null}}],"line":119},"12":{"loc":{"start":{"line":128,"column":19},"end":{"line":139,"column":null}},"type":"cond-expr","locations":[{"start":{"line":129,"column":20},"end":{"line":134,"column":21}},{"start":{"line":134,"column":20},"end":{"line":139,"column":null}}],"line":128},"13":{"loc":{"start":{"line":145,"column":15},"end":{"line":163,"column":null}},"type":"cond-expr","locations":[{"start":{"line":146,"column":16},"end":{"line":151,"column":17}},{"start":{"line":151,"column":16},"end":{"line":163,"column":null}}],"line":145},"14":{"loc":{"start":{"line":170,"column":7},"end":{"line":178,"column":null}},"type":"binary-expr","locations":[{"start":{"line":170,"column":7},"end":{"line":170,"column":19}},{"start":{"line":170,"column":19},"end":{"line":170,"column":null}},{"start":{"line":171,"column":8},"end":{"line":178,"column":null}}],"line":170},"15":{"loc":{"start":{"line":181,"column":7},"end":{"line":186,"column":null}},"type":"binary-expr","locations":[{"start":{"line":181,"column":7},"end":{"line":181,"column":19}},{"start":{"line":181,"column":19},"end":{"line":181,"column":null}},{"start":{"line":182,"column":8},"end":{"line":186,"column":null}}],"line":181}},"s":{"0":3,"1":3,"2":3,"3":3,"4":3,"5":3,"6":3,"7":3,"8":3,"9":3},"f":{"0":3},"b":{"0":[3,3],"1":[3,3],"2":[3,3,3,3],"3":[0,3],"4":[1,2],"5":[0,3],"6":[3,1],"7":[1,0],"8":[1,0,0,0],"9":[0,0],"10":[0,0],"11":[1,0,1,0],"12":[0,0],"13":[0,1],"14":[3,3,2],"15":[3,3,0]},"meta":{"lastBranch":16,"lastFunction":1,"lastStatement":10,"seen":{"f:26:24:26:42":0,"s:27:22:27:70":0,"s:28:25:28:Infinity":1,"s:29:26:29:Infinity":2,"s:31:29:31:74":3,"s:47:4:48:57":4,"s:50:32:50:Infinity":5,"b:50:32:50:55:50:55:50:Infinity":0,"s:52:4:52:Infinity":6,"b:52:4:52:29:52:29:52:Infinity":1,"s:55:4:55:Infinity":7,"b:55:4:55:16:55:16:55:28:55:28:55:49:55:49:55:Infinity":2,"s:57:10:57:47":8,"s:59:2:196:Infinity":9,"b:67:16:67:Infinity:68:16:68:Infinity":3,"b:73:14:73:Infinity:75:14:75:Infinity":4,"b:88:14:92:Infinity:94:14:94:Infinity":5,"b:100:7:100:Infinity:101:8:165:Infinity":6,"b:102:51:102:64:102:64:102:Infinity":7,"b:105:11:105:Infinity:106:13:106:Infinity:107:14:107:Infinity:108:13:119:11":8,"b:109:14:111:15:111:14:119:11":9,"b:113:31:113:44:113:44:113:Infinity":10,"b:120:14:120:Infinity:121:14:121:Infinity:122:14:122:Infinity:123:16:141:Infinity":11,"b:129:20:134:21:134:20:139:Infinity":12,"b:146:16:151:17:151:16:163:Infinity":13,"b:170:7:170:19:170:19:170:Infinity:171:8:178:Infinity":14,"b:181:7:181:19:181:19:181:Infinity:182:8:186:Infinity":15}}}
,"/Users/ajalkhare/Desktop/Personal/supergit/pipeline-graph-view-plugin/src/main/frontend/pipeline-console-view/pipeline-console/main/components/stages-customization.tsx": {"path":"/Users/ajalkhare/Desktop/Personal/supergit/pipeline-graph-view-plugin/src/main/frontend/pipeline-console-view/pipeline-console/main/components/stages-customization.tsx","statementMap":{"0":{"start":{"line":18,"column":4},"end":{"line":19,"column":28}},"1":{"start":{"line":20,"column":32},"end":{"line":21,"column":24}},"2":{"start":{"line":23,"column":2},"end":{"line":24,"column":null}},"3":{"start":{"line":24,"column":4},"end":{"line":24,"column":null}},"4":{"start":{"line":27,"column":8},"end":{"line":28,"column":null}},"5":{"start":{"line":28,"column":4},"end":{"line":28,"column":null}},"6":{"start":{"line":31,"column":8},"end":{"line":32,"column":null}},"7":{"start":{"line":32,"column":4},"end":{"line":32,"column":null}},"8":{"start":{"line":35,"column":2},"end":{"line":179,"column":null}},"9":{"start":{"line":171,"column":12},"end":{"line":171,"column":67}},"10":{"start":{"line":190,"column":2},"end":{"line":209,"column":null}},"11":{"start":{"line":191,"column":4},"end":{"line":209,"column":null}},"12":{"start":{"line":213,"column":2},"end":{"line":232,"column":null}},"13":{"start":{"line":214,"column":4},"end":{"line":232,"column":null}},"14":{"start":{"line":236,"column":2},"end":{"line":254,"column":null}},"15":{"start":{"line":237,"column":4},"end":{"line":254,"column":null}},"16":{"start":{"line":258,"column":2},"end":{"line":279,"column":null}},"17":{"start":{"line":262,"column":4},"end":{"line":279,"column":null}}},"fnMap":{"0":{"name":"StagesCustomization","decl":{"start":{"line":12,"column":24},"end":{"line":12,"column":46}},"loc":{"start":{"line":12,"column":46},"end":{"line":179,"column":null}},"line":12},"1":{"name":"(anonymous_1)","decl":{"start":{"line":27,"column":8},"end":{"line":27,"column":28}},"loc":{"start":{"line":27,"column":66},"end":{"line":28,"column":null}},"line":27},"2":{"name":"(anonymous_2)","decl":{"start":{"line":31,"column":8},"end":{"line":31,"column":32}},"loc":{"start":{"line":31,"column":70},"end":{"line":32,"column":null}},"line":31},"3":{"name":"(anonymous_3)","decl":{"start":{"line":170,"column":10},"end":{"line":170,"column":21}},"loc":{"start":{"line":171,"column":12},"end":{"line":171,"column":67}},"line":171},"4":{"name":"ViewIcon","decl":{"start":{"line":183,"column":9},"end":{"line":183,"column":18}},"loc":{"start":{"line":189,"column":3},"end":{"line":279,"column":null}},"line":189}},"branchMap":{"0":{"loc":{"start":{"line":23,"column":2},"end":{"line":24,"column":null}},"type":"if","locations":[{"start":{"line":23,"column":2},"end":{"line":24,"column":null}},{"start":{},"end":{}}],"line":23},"1":{"loc":{"start":{"line":49,"column":11},"end":{"line":49,"column":null}},"type":"binary-expr","locations":[{"start":{"line":49,"column":11},"end":{"line":49,"column":61}},{"start":{"line":49,"column":61},"end":{"line":49,"column":null}}],"line":49},"2":{"loc":{"start":{"line":50,"column":11},"end":{"line":50,"column":null}},"type":"binary-expr","locations":[{"start":{"line":50,"column":11},"end":{"line":50,"column":67}},{"start":{"line":50,"column":67},"end":{"line":50,"column":null}}],"line":50},"3":{"loc":{"start":{"line":51,"column":11},"end":{"line":51,"column":null}},"type":"binary-expr","locations":[{"start":{"line":51,"column":11},"end":{"line":51,"column":68}},{"start":{"line":51,"column":68},"end":{"line":51,"column":null}}],"line":51},"4":{"loc":{"start":{"line":120,"column":11},"end":{"line":120,"column":null}},"type":"cond-expr","locations":[{"start":{"line":120,"column":57},"end":{"line":120,"column":65}},{"start":{"line":120,"column":65},"end":{"line":120,"column":null}}],"line":120},"5":{"loc":{"start":{"line":166,"column":15},"end":{"line":166,"column":70}},"type":"cond-expr","locations":[{"start":{"line":166,"column":38},"end":{"line":166,"column":52}},{"start":{"line":166,"column":52},"end":{"line":166,"column":70}}],"line":166},"6":{"loc":{"start":{"line":169,"column":17},"end":{"line":169,"column":null}},"type":"cond-expr","locations":[{"start":{"line":169,"column":40},"end":{"line":169,"column":54}},{"start":{"line":169,"column":54},"end":{"line":169,"column":null}}],"line":169},"7":{"loc":{"start":{"line":190,"column":2},"end":{"line":209,"column":null}},"type":"if","locations":[{"start":{"line":190,"column":2},"end":{"line":209,"column":null}},{"start":{},"end":{}}],"line":190},"8":{"loc":{"start":{"line":190,"column":6},"end":{"line":190,"column":68}},"type":"binary-expr","locations":[{"start":{"line":190,"column":6},"end":{"line":190,"column":39}},{"start":{"line":190,"column":39},"end":{"line":190,"column":68}}],"line":190},"9":{"loc":{"start":{"line":213,"column":2},"end":{"line":232,"column":null}},"type":"if","locations":[{"start":{"line":213,"column":2},"end":{"line":232,"column":null}},{"start":{},"end":{}}],"line":213},"10":{"loc":{"start":{"line":213,"column":6},"end":{"line":213,"column":69}},"type":"binary-expr","locations":[{"start":{"line":213,"column":6},"end":{"line":213,"column":39}},{"start":{"line":213,"column":39},"end":{"line":213,"column":69}}],"line":213},"11":{"loc":{"start":{"line":236,"column":2},"end":{"line":254,"column":null}},"type":"if","locations":[{"start":{"line":236,"column":2},"end":{"line":254,"column":null}},{"start":{},"end":{}}],"line":236},"12":{"loc":{"start":{"line":236,"column":6},"end":{"line":236,"column":73}},"type":"binary-expr","locations":[{"start":{"line":236,"column":6},"end":{"line":236,"column":44}},{"start":{"line":236,"column":44},"end":{"line":236,"column":73}}],"line":236},"13":{"loc":{"start":{"line":258,"column":2},"end":{"line":279,"column":null}},"type":"if","locations":[{"start":{"line":258,"column":2},"end":{"line":279,"column":null}},{"start":{},"end":{}}],"line":258},"14":{"loc":{"start":{"line":259,"column":4},"end":{"line":260,"column":null}},"type":"binary-expr","locations":[{"start":{"line":259,"column":4},"end":{"line":259,"column":null}},{"start":{"line":260,"column":5},"end":{"line":260,"column":43}},{"start":{"line":260,"column":43},"end":{"line":260,"column":null}}],"line":259}},"s":{"0":8,"1":8,"2":8,"3":1,"4":7,"5":1,"6":7,"7":1,"8":7,"9":1,"10":7,"11":7,"12":0,"13":0,"14":0,"15":0,"16":0,"17":0},"f":{"0":8,"1":1,"2":1,"3":1,"4":7},"b":{"0":[1,7],"1":[7,7],"2":[8,0],"3":[8,0],"4":[7,0],"5":[0,7],"6":[0,7],"7":[7,0],"8":[7,7],"9":[0,0],"10":[0,0],"11":[0,0],"12":[0,0],"13":[0,0],"14":[0,0,0]},"meta":{"lastBranch":15,"lastFunction":5,"lastStatement":18,"seen":{"f:12:24:12:46":0,"s:18:4:19:28":0,"s:20:32:21:24":1,"b:23:2:24:Infinity:undefined:undefined:undefined:undefined":0,"s:23:2:24:Infinity":2,"s:24:4:24:Infinity":3,"s:27:8:28:Infinity":4,"f:27:8:27:28":1,"s:28:4:28:Infinity":5,"s:31:8:32:Infinity":6,"f:31:8:31:32":2,"s:32:4:32:Infinity":7,"s:35:2:179:Infinity":8,"b:49:11:49:61:49:61:49:Infinity":1,"b:50:11:50:67:50:67:50:Infinity":2,"b:51:11:51:68:51:68:51:Infinity":3,"b:120:57:120:65:120:65:120:Infinity":4,"b:166:38:166:52:166:52:166:70":5,"b:169:40:169:54:169:54:169:Infinity":6,"f:170:10:170:21":3,"s:171:12:171:67":9,"f:183:9:183:18":4,"b:190:2:209:Infinity:undefined:undefined:undefined:undefined":7,"s:190:2:209:Infinity":10,"b:190:6:190:39:190:39:190:68":8,"s:191:4:209:Infinity":11,"b:213:2:232:Infinity:undefined:undefined:undefined:undefined":9,"s:213:2:232:Infinity":12,"b:213:6:213:39:213:39:213:69":10,"s:214:4:232:Infinity":13,"b:236:2:254:Infinity:undefined:undefined:undefined:undefined":11,"s:236:2:254:Infinity":14,"b:236:6:236:44:236:44:236:73":12,"s:237:4:254:Infinity":15,"b:258:2:279:Infinity:undefined:undefined:undefined:undefined":13,"s:258:2:279:Infinity":16,"b:259:4:259:Infinity:260:5:260:43:260:43:260:Infinity":14,"s:262:4:279:Infinity":17}}}
,"/Users/ajalkhare/Desktop/Personal/supergit/pipeline-graph-view-plugin/src/main/frontend/pipeline-graph-view/pipeline-graph/main/NestedPipelineGraphLayout.ts": {"path":"/Users/ajalkhare/Desktop/Personal/supergit/pipeline-graph-view-plugin/src/main/frontend/pipeline-graph-view/pipeline-graph/main/NestedPipelineGraphLayout.ts","statementMap":{"0":{"start":{"line":14,"column":50},"end":{"line":14,"column":null}},"1":{"start":{"line":26,"column":26},"end":{"line":28,"column":null}},"2":{"start":{"line":29,"column":24},"end":{"line":29,"column":null}},"3":{"start":{"line":30,"column":33},"end":{"line":30,"column":70}},"4":{"start":{"line":31,"column":26},"end":{"line":51,"column":null}},"5":{"start":{"line":53,"column":2},"end":{"line":63,"column":null}},"6":{"start":{"line":54,"column":4},"end":{"line":61,"column":null}},"7":{"start":{"line":63,"column":4},"end":{"line":63,"column":null}},"8":{"start":{"line":66,"column":2},"end":{"line":69,"column":null}},"9":{"start":{"line":70,"column":2},"end":{"line":79,"column":null}},"10":{"start":{"line":80,"column":2},"end":{"line":81,"column":null}},"11":{"start":{"line":82,"column":24},"end":{"line":82,"column":null}},"12":{"start":{"line":83,"column":25},"end":{"line":83,"column":null}},"13":{"start":{"line":85,"column":2},"end":{"line":85,"column":null}},"14":{"start":{"line":86,"column":22},"end":{"line":86,"column":46}},"15":{"start":{"line":87,"column":16},"end":{"line":87,"column":34}},"16":{"start":{"line":88,"column":23},"end":{"line":88,"column":61}},"17":{"start":{"line":88,"column":46},"end":{"line":88,"column":61}},"18":{"start":{"line":89,"column":22},"end":{"line":89,"column":47}},"19":{"start":{"line":90,"column":23},"end":{"line":90,"column":57}},"20":{"start":{"line":91,"column":20},"end":{"line":91,"column":51}},"21":{"start":{"line":92,"column":18},"end":{"line":92,"column":53}},"22":{"start":{"line":94,"column":8},"end":{"line":94,"column":36}},"23":{"start":{"line":95,"column":2},"end":{"line":95,"column":null}},"24":{"start":{"line":95,"column":13},"end":{"line":95,"column":null}},"25":{"start":{"line":96,"column":2},"end":{"line":106,"column":null}},"26":{"start":{"line":110,"column":2},"end":{"line":110,"column":null}},"27":{"start":{"line":114,"column":2},"end":{"line":114,"column":null}},"28":{"start":{"line":118,"column":2},"end":{"line":118,"column":null}},"29":{"start":{"line":122,"column":2},"end":{"line":128,"column":null}},"30":{"start":{"line":136,"column":2},"end":{"line":136,"column":null}},"31":{"start":{"line":136,"column":42},"end":{"line":136,"column":57}},"32":{"start":{"line":143,"column":2},"end":{"line":143,"column":null}},"33":{"start":{"line":143,"column":58},"end":{"line":143,"column":66}},"34":{"start":{"line":146,"column":47},"end":{"line":157,"column":null}},"35":{"start":{"line":160,"column":2},"end":{"line":160,"column":null}},"36":{"start":{"line":164,"column":14},"end":{"line":164,"column":null}},"37":{"start":{"line":165,"column":2},"end":{"line":166,"column":null}},"38":{"start":{"line":166,"column":4},"end":{"line":166,"column":null}},"39":{"start":{"line":168,"column":2},"end":{"line":168,"column":null}},"40":{"start":{"line":172,"column":2},"end":{"line":181,"column":null}},"41":{"start":{"line":173,"column":4},"end":{"line":174,"column":null}},"42":{"start":{"line":174,"column":6},"end":{"line":174,"column":null}},"43":{"start":{"line":176,"column":4},"end":{"line":180,"column":null}},"44":{"start":{"line":189,"column":2},"end":{"line":201,"column":null}},"45":{"start":{"line":190,"column":4},"end":{"line":199,"column":null}},"46":{"start":{"line":199,"column":6},"end":{"line":199,"column":null}},"47":{"start":{"line":201,"column":4},"end":{"line":201,"column":null}},"48":{"start":{"line":213,"column":39},"end":{"line":213,"column":41}},"49":{"start":{"line":214,"column":2},"end":{"line":214,"column":null}},"50":{"start":{"line":217,"column":4},"end":{"line":219,"column":null}},"51":{"start":{"line":220,"column":2},"end":{"line":225,"column":null}},"52":{"start":{"line":221,"column":71},"end":{"line":224,"column":7}},"53":{"start":{"line":226,"column":2},"end":{"line":235,"column":null}},"54":{"start":{"line":227,"column":4},"end":{"line":235,"column":null}},"55":{"start":{"line":245,"column":2},"end":{"line":245,"column":null}},"56":{"start":{"line":245,"column":45},"end":{"line":245,"column":null}},"57":{"start":{"line":246,"column":2},"end":{"line":308,"column":null}},"58":{"start":{"line":247,"column":19},"end":{"line":247,"column":null}},"59":{"start":{"line":248,"column":23},"end":{"line":248,"column":null}},"60":{"start":{"line":249,"column":24},"end":{"line":249,"column":null}},"61":{"start":{"line":250,"column":22},"end":{"line":250,"column":null}},"62":{"start":{"line":251,"column":4},"end":{"line":261,"column":null}},"63":{"start":{"line":256,"column":6},"end":{"line":260,"column":null}},"64":{"start":{"line":261,"column":6},"end":{"line":261,"column":null}},"65":{"start":{"line":264,"column":6},"end":{"line":268,"column":null}},"66":{"start":{"line":269,"column":22},"end":{"line":269,"column":null}},"67":{"start":{"line":271,"column":6},"end":{"line":271,"column":null}},"68":{"start":{"line":274,"column":6},"end":{"line":277,"column":null}},"69":{"start":{"line":278,"column":21},"end":{"line":278,"column":null}},"70":{"start":{"line":280,"column":6},"end":{"line":283,"column":null}},"71":{"start":{"line":284,"column":26},"end":{"line":284,"column":null}},"72":{"start":{"line":285,"column":33},"end":{"line":295,"column":null}},"73":{"start":{"line":296,"column":4},"end":{"line":296,"column":null}},"74":{"start":{"line":297,"column":4},"end":{"line":297,"column":null}},"75":{"start":{"line":297,"column":21},"end":{"line":297,"column":null}},"76":{"start":{"line":298,"column":4},"end":{"line":306,"column":null}},"77":{"start":{"line":305,"column":6},"end":{"line":305,"column":null}},"78":{"start":{"line":306,"column":6},"end":{"line":306,"column":null}},"79":{"start":{"line":308,"column":4},"end":{"line":308,"column":null}},"80":{"start":{"line":310,"column":2},"end":{"line":322,"column":null}},"81":{"start":{"line":312,"column":27},"end":{"line":312,"column":null}},"82":{"start":{"line":313,"column":4},"end":{"line":313,"column":null}},"83":{"start":{"line":314,"column":4},"end":{"line":314,"column":null}},"84":{"start":{"line":315,"column":4},"end":{"line":318,"column":null}},"85":{"start":{"line":320,"column":4},"end":{"line":320,"column":null}},"86":{"start":{"line":321,"column":4},"end":{"line":321,"column":null}},"87":{"start":{"line":322,"column":4},"end":{"line":322,"column":null}},"88":{"start":{"line":324,"column":15},"end":{"line":324,"column":null}},"89":{"start":{"line":325,"column":2},"end":{"line":328,"column":null}},"90":{"start":{"line":329,"column":2},"end":{"line":344,"column":null}},"91":{"start":{"line":333,"column":4},"end":{"line":333,"column":null}},"92":{"start":{"line":334,"column":4},"end":{"line":344,"column":null}},"93":{"start":{"line":353,"column":2},"end":{"line":353,"column":null}},"94":{"start":{"line":353,"column":34},"end":{"line":353,"column":null}},"95":{"start":{"line":354,"column":2},"end":{"line":354,"column":null}},"96":{"start":{"line":355,"column":11},"end":{"line":355,"column":null}},"97":{"start":{"line":356,"column":11},"end":{"line":356,"column":null}},"98":{"start":{"line":357,"column":2},"end":{"line":384,"column":null}},"99":{"start":{"line":358,"column":4},"end":{"line":358,"column":null}},"100":{"start":{"line":359,"column":4},"end":{"line":359,"column":null}},"101":{"start":{"line":360,"column":23},"end":{"line":360,"column":null}},"102":{"start":{"line":361,"column":4},"end":{"line":381,"column":null}},"103":{"start":{"line":362,"column":6},"end":{"line":365,"column":null}},"104":{"start":{"line":364,"column":8},"end":{"line":364,"column":null}},"105":{"start":{"line":365,"column":8},"end":{"line":365,"column":null}},"106":{"start":{"line":367,"column":6},"end":{"line":367,"column":null}},"107":{"start":{"line":369,"column":6},"end":{"line":372,"column":null}},"108":{"start":{"line":373,"column":6},"end":{"line":375,"column":null}},"109":{"start":{"line":374,"column":8},"end":{"line":374,"column":null}},"110":{"start":{"line":375,"column":8},"end":{"line":375,"column":null}},"111":{"start":{"line":378,"column":6},"end":{"line":378,"column":null}},"112":{"start":{"line":379,"column":6},"end":{"line":381,"column":null}},"113":{"start":{"line":380,"column":8},"end":{"line":380,"column":null}},"114":{"start":{"line":381,"column":8},"end":{"line":381,"column":null}},"115":{"start":{"line":384,"column":4},"end":{"line":384,"column":null}},"116":{"start":{"line":389,"column":45},"end":{"line":389,"column":47}},"117":{"start":{"line":390,"column":2},"end":{"line":390,"column":null}},"118":{"start":{"line":391,"column":2},"end":{"line":391,"column":null}},"119":{"start":{"line":398,"column":2},"end":{"line":399,"column":null}},"120":{"start":{"line":399,"column":4},"end":{"line":399,"column":null}},"121":{"start":{"line":401,"column":2},"end":{"line":404,"column":null}},"122":{"start":{"line":402,"column":4},"end":{"line":404,"column":null}},"123":{"start":{"line":403,"column":6},"end":{"line":403,"column":42}},"124":{"start":{"line":407,"column":22},"end":{"line":407,"column":42}},"125":{"start":{"line":408,"column":23},"end":{"line":408,"column":43}},"126":{"start":{"line":409,"column":8},"end":{"line":435,"column":null}},"127":{"start":{"line":414,"column":4},"end":{"line":418,"column":null}},"128":{"start":{"line":415,"column":6},"end":{"line":418,"column":null}},"129":{"start":{"line":416,"column":8},"end":{"line":416,"column":null}},"130":{"start":{"line":418,"column":8},"end":{"line":418,"column":null}},"131":{"start":{"line":421,"column":29},"end":{"line":423,"column":21}},"132":{"start":{"line":424,"column":4},"end":{"line":426,"column":null}},"133":{"start":{"line":424,"column":38},"end":{"line":424,"column":51}},"134":{"start":{"line":425,"column":6},"end":{"line":425,"column":null}},"135":{"start":{"line":425,"column":43},"end":{"line":425,"column":null}},"136":{"start":{"line":426,"column":6},"end":{"line":426,"column":null}},"137":{"start":{"line":428,"column":4},"end":{"line":433,"column":null}},"138":{"start":{"line":432,"column":52},"end":{"line":432,"column":null}},"139":{"start":{"line":434,"column":4},"end":{"line":434,"column":null}},"140":{"start":{"line":435,"column":4},"end":{"line":435,"column":null}},"141":{"start":{"line":437,"column":2},"end":{"line":438,"column":null}},"142":{"start":{"line":438,"column":4},"end":{"line":438,"column":null}},"143":{"start":{"line":440,"column":2},"end":{"line":448,"column":null}},"144":{"start":{"line":440,"column":15},"end":{"line":440,"column":18}},"145":{"start":{"line":441,"column":19},"end":{"line":441,"column":null}},"146":{"start":{"line":442,"column":19},"end":{"line":442,"column":null}},"147":{"start":{"line":443,"column":4},"end":{"line":448,"column":null}},"148":{"start":{"line":450,"column":15},"end":{"line":450,"column":null}},"149":{"start":{"line":451,"column":2},"end":{"line":452,"column":null}},"150":{"start":{"line":452,"column":4},"end":{"line":452,"column":null}},"151":{"start":{"line":454,"column":2},"end":{"line":454,"column":null}},"152":{"start":{"line":458,"column":2},"end":{"line":469,"column":null}},"153":{"start":{"line":459,"column":22},"end":{"line":459,"column":41}},"154":{"start":{"line":461,"column":6},"end":{"line":468,"column":null}},"155":{"start":{"line":473,"column":2},"end":{"line":483,"column":null}},"156":{"start":{"line":474,"column":22},"end":{"line":474,"column":42}},"157":{"start":{"line":476,"column":6},"end":{"line":482,"column":null}},"158":{"start":{"line":487,"column":2},"end":{"line":498,"column":null}},"159":{"start":{"line":488,"column":22},"end":{"line":488,"column":39}},"160":{"start":{"line":490,"column":6},"end":{"line":497,"column":null}},"161":{"start":{"line":502,"column":2},"end":{"line":513,"column":null}},"162":{"start":{"line":503,"column":22},"end":{"line":503,"column":37}},"163":{"start":{"line":505,"column":6},"end":{"line":512,"column":null}},"164":{"start":{"line":517,"column":2},"end":{"line":526,"column":null}},"165":{"start":{"line":534,"column":2},"end":{"line":542,"column":null}},"166":{"start":{"line":551,"column":2},"end":{"line":551,"column":null}},"167":{"start":{"line":552,"column":2},"end":{"line":565,"column":null}},"168":{"start":{"line":556,"column":8},"end":{"line":562,"column":null}},"169":{"start":{"line":566,"column":2},"end":{"line":566,"column":null}},"170":{"start":{"line":567,"column":2},"end":{"line":568,"column":null}},"171":{"start":{"line":568,"column":4},"end":{"line":568,"column":null}},"172":{"start":{"line":570,"column":2},"end":{"line":570,"column":null}},"173":{"start":{"line":571,"column":2},"end":{"line":587,"column":null}},"174":{"start":{"line":572,"column":22},"end":{"line":572,"column":69}},"175":{"start":{"line":589,"column":16},"end":{"line":589,"column":53}},"176":{"start":{"line":589,"column":41},"end":{"line":589,"column":51}},"177":{"start":{"line":590,"column":8},"end":{"line":591,"column":67}},"178":{"start":{"line":591,"column":4},"end":{"line":591,"column":67}},"179":{"start":{"line":591,"column":18},"end":{"line":591,"column":57}},"180":{"start":{"line":592,"column":2},"end":{"line":599,"column":null}},"181":{"start":{"line":593,"column":28},"end":{"line":598,"column":7}},"182":{"start":{"line":603,"column":2},"end":{"line":603,"column":null}},"183":{"start":{"line":603,"column":33},"end":{"line":603,"column":null}},"184":{"start":{"line":604,"column":2},"end":{"line":604,"column":null}},"185":{"start":{"line":604,"column":25},"end":{"line":604,"column":null}},"186":{"start":{"line":605,"column":2},"end":{"line":605,"column":null}},"187":{"start":{"line":605,"column":28},"end":{"line":605,"column":null}},"188":{"start":{"line":606,"column":2},"end":{"line":606,"column":null}},"189":{"start":{"line":606,"column":25},"end":{"line":606,"column":null}},"190":{"start":{"line":607,"column":2},"end":{"line":607,"column":null}},"191":{"start":{"line":607,"column":27},"end":{"line":607,"column":null}},"192":{"start":{"line":608,"column":2},"end":{"line":608,"column":null}},"193":{"start":{"line":608,"column":25},"end":{"line":608,"column":null}},"194":{"start":{"line":609,"column":2},"end":{"line":609,"column":null}},"195":{"start":{"line":609,"column":22},"end":{"line":609,"column":null}},"196":{"start":{"line":610,"column":2},"end":{"line":610,"column":null}},"197":{"start":{"line":610,"column":24},"end":{"line":610,"column":null}},"198":{"start":{"line":611,"column":2},"end":{"line":611,"column":null}},"199":{"start":{"line":611,"column":23},"end":{"line":611,"column":null}},"200":{"start":{"line":613,"column":2},"end":{"line":616,"column":null}},"201":{"start":{"line":614,"column":4},"end":{"line":614,"column":null}},"202":{"start":{"line":614,"column":33},"end":{"line":614,"column":null}},"203":{"start":{"line":615,"column":4},"end":{"line":616,"column":null}},"204":{"start":{"line":616,"column":6},"end":{"line":616,"column":null}}},"fnMap":{"0":{"name":"nestedGraphLayout","decl":{"start":{"line":16,"column":16},"end":{"line":16,"column":null}},"loc":{"start":{"line":25,"column":19},"end":{"line":106,"column":null}},"line":25},"1":{"name":"(anonymous_1)","decl":{"start":{"line":88,"column":29},"end":{"line":88,"column":37}},"loc":{"start":{"line":88,"column":46},"end":{"line":88,"column":61}},"line":88},"2":{"name":"flattenGraph","decl":{"start":{"line":109,"column":9},"end":{"line":109,"column":22}},"loc":{"start":{"line":109,"column":52},"end":{"line":110,"column":null}},"line":109},"3":{"name":"floorToMultipleOf","decl":{"start":{"line":113,"column":9},"end":{"line":113,"column":27}},"loc":{"start":{"line":113,"column":64},"end":{"line":114,"column":null}},"line":113},"4":{"name":"roundToMultipleOf","decl":{"start":{"line":117,"column":9},"end":{"line":117,"column":27}},"loc":{"start":{"line":117,"column":64},"end":{"line":118,"column":null}},"line":117},"5":{"name":"centerOfNode","decl":{"start":{"line":121,"column":9},"end":{"line":121,"column":22}},"loc":{"start":{"line":121,"column":59},"end":{"line":128,"column":null}},"line":121},"6":{"name":"sumGraphNodeProp","decl":{"start":{"line":132,"column":9},"end":{"line":132,"column":null}},"loc":{"start":{"line":135,"column":10},"end":{"line":136,"column":null}},"line":135},"7":{"name":"(anonymous_7)","decl":{"start":{"line":136,"column":23},"end":{"line":136,"column":31}},"loc":{"start":{"line":136,"column":42},"end":{"line":136,"column":57}},"line":136},"8":{"name":"maxGraphNodeProp","decl":{"start":{"line":139,"column":9},"end":{"line":139,"column":null}},"loc":{"start":{"line":142,"column":10},"end":{"line":143,"column":null}},"line":142},"9":{"name":"(anonymous_9)","decl":{"start":{"line":143,"column":47},"end":{"line":143,"column":52}},"loc":{"start":{"line":143,"column":58},"end":{"line":143,"column":66}},"line":143},"10":{"name":"worstState","decl":{"start":{"line":159,"column":9},"end":{"line":159,"column":20}},"loc":{"start":{"line":159,"column":50},"end":{"line":160,"column":null}},"line":159},"11":{"name":"aggregateChildState","decl":{"start":{"line":163,"column":9},"end":{"line":163,"column":29}},"loc":{"start":{"line":163,"column":55},"end":{"line":168,"column":null}},"line":163},"12":{"name":"collapseStages","decl":{"start":{"line":171,"column":16},"end":{"line":171,"column":31}},"loc":{"start":{"line":171,"column":65},"end":{"line":181,"column":null}},"line":171},"13":{"name":"(anonymous_13)","decl":{"start":{"line":172,"column":16},"end":{"line":172,"column":21}},"loc":{"start":{"line":172,"column":31},"end":{"line":181,"column":null}},"line":172},"14":{"name":"collectCollapsedStages","decl":{"start":{"line":184,"column":9},"end":{"line":184,"column":null}},"loc":{"start":{"line":188,"column":2},"end":{"line":201,"column":null}},"line":188},"15":{"name":"buildGraphCollapsed","decl":{"start":{"line":205,"column":9},"end":{"line":205,"column":null}},"loc":{"start":{"line":212,"column":2},"end":{"line":235,"column":null}},"line":212},"16":{"name":"(anonymous_16)","decl":{"start":{"line":221,"column":44},"end":{"line":221,"column":49}},"loc":{"start":{"line":221,"column":71},"end":{"line":224,"column":7}},"line":221},"17":{"name":"buildGraphNested","decl":{"start":{"line":239,"column":9},"end":{"line":239,"column":null}},"loc":{"start":{"line":244,"column":2},"end":{"line":344,"column":null}},"line":244},"18":{"name":"computePositions","decl":{"start":{"line":348,"column":9},"end":{"line":348,"column":null}},"loc":{"start":{"line":352,"column":2},"end":{"line":384,"column":null}},"line":352},"19":{"name":"computeConnections","decl":{"start":{"line":388,"column":9},"end":{"line":388,"column":28}},"loc":{"start":{"line":388,"column":68},"end":{"line":391,"column":null}},"line":388},"20":{"name":"computeTailNodes","decl":{"start":{"line":394,"column":9},"end":{"line":394,"column":null}},"loc":{"start":{"line":397,"column":15},"end":{"line":454,"column":null}},"line":397},"21":{"name":"(anonymous_21)","decl":{"start":{"line":402,"column":25},"end":{"line":402,"column":34}},"loc":{"start":{"line":403,"column":6},"end":{"line":403,"column":42}},"line":403},"22":{"name":"(anonymous_22)","decl":{"start":{"line":409,"column":8},"end":{"line":409,"column":null}},"loc":{"start":{"line":413,"column":7},"end":{"line":435,"column":null}},"line":413},"23":{"name":"(anonymous_23)","decl":{"start":{"line":424,"column":26},"end":{"line":424,"column":32}},"loc":{"start":{"line":424,"column":38},"end":{"line":424,"column":51}},"line":424},"24":{"name":"(anonymous_24)","decl":{"start":{"line":432,"column":40},"end":{"line":432,"column":46}},"loc":{"start":{"line":432,"column":52},"end":{"line":432,"column":null}},"line":432},"25":{"name":"computeSmallLabels","decl":{"start":{"line":457,"column":9},"end":{"line":457,"column":28}},"loc":{"start":{"line":457,"column":55},"end":{"line":469,"column":null}},"line":457},"26":{"name":"(anonymous_26)","decl":{"start":{"line":459,"column":5},"end":{"line":459,"column":13}},"loc":{"start":{"line":459,"column":22},"end":{"line":459,"column":41}},"line":459},"27":{"name":"(anonymous_27)","decl":{"start":{"line":460,"column":5},"end":{"line":460,"column":10}},"loc":{"start":{"line":460,"column":34},"end":{"line":469,"column":null}},"line":460},"28":{"name":"computeBranchLabels","decl":{"start":{"line":472,"column":9},"end":{"line":472,"column":29}},"loc":{"start":{"line":472,"column":69},"end":{"line":483,"column":null}},"line":472},"29":{"name":"(anonymous_29)","decl":{"start":{"line":474,"column":5},"end":{"line":474,"column":13}},"loc":{"start":{"line":474,"column":22},"end":{"line":474,"column":42}},"line":474},"30":{"name":"(anonymous_30)","decl":{"start":{"line":475,"column":5},"end":{"line":475,"column":10}},"loc":{"start":{"line":475,"column":34},"end":{"line":483,"column":null}},"line":475},"31":{"name":"computeBigLabels","decl":{"start":{"line":486,"column":9},"end":{"line":486,"column":26}},"loc":{"start":{"line":486,"column":66},"end":{"line":498,"column":null}},"line":486},"32":{"name":"(anonymous_32)","decl":{"start":{"line":488,"column":5},"end":{"line":488,"column":13}},"loc":{"start":{"line":488,"column":22},"end":{"line":488,"column":39}},"line":488},"33":{"name":"(anonymous_33)","decl":{"start":{"line":489,"column":5},"end":{"line":489,"column":10}},"loc":{"start":{"line":489,"column":34},"end":{"line":498,"column":null}},"line":489},"34":{"name":"computeTimingsLabels","decl":{"start":{"line":501,"column":9},"end":{"line":501,"column":30}},"loc":{"start":{"line":501,"column":70},"end":{"line":513,"column":null}},"line":501},"35":{"name":"(anonymous_35)","decl":{"start":{"line":503,"column":5},"end":{"line":503,"column":13}},"loc":{"start":{"line":503,"column":22},"end":{"line":503,"column":37}},"line":503},"36":{"name":"(anonymous_36)","decl":{"start":{"line":504,"column":5},"end":{"line":504,"column":10}},"loc":{"start":{"line":504,"column":34},"end":{"line":513,"column":null}},"line":504},"37":{"name":"baseGraphNode","decl":{"start":{"line":516,"column":9},"end":{"line":516,"column":23}},"loc":{"start":{"line":516,"column":66},"end":{"line":526,"column":null}},"line":516},"38":{"name":"makeNodeForStage","decl":{"start":{"line":529,"column":9},"end":{"line":529,"column":null}},"loc":{"start":{"line":533,"column":13},"end":{"line":542,"column":null}},"line":533},"39":{"name":"printDebugInfo","decl":{"start":{"line":545,"column":9},"end":{"line":545,"column":null}},"loc":{"start":{"line":550,"column":2},"end":{"line":599,"column":null}},"line":550},"40":{"name":"forTestSnapshot","decl":{"start":{"line":555,"column":29},"end":{"line":555,"column":45}},"loc":{"start":{"line":555,"column":68},"end":{"line":563,"column":null}},"line":555},"41":{"name":"(anonymous_41)","decl":{"start":{"line":572,"column":10},"end":{"line":572,"column":15}},"loc":{"start":{"line":572,"column":22},"end":{"line":572,"column":69}},"line":572},"42":{"name":"(anonymous_42)","decl":{"start":{"line":589,"column":30},"end":{"line":589,"column":35}},"loc":{"start":{"line":589,"column":41},"end":{"line":589,"column":51}},"line":589},"43":{"name":"(anonymous_43)","decl":{"start":{"line":590,"column":8},"end":{"line":590,"column":21}},"loc":{"start":{"line":591,"column":4},"end":{"line":591,"column":67}},"line":591},"44":{"name":"(anonymous_44)","decl":{"start":{"line":591,"column":7},"end":{"line":591,"column":12}},"loc":{"start":{"line":591,"column":18},"end":{"line":591,"column":57}},"line":591},"45":{"name":"(anonymous_45)","decl":{"start":{"line":593,"column":16},"end":{"line":593,"column":21}},"loc":{"start":{"line":593,"column":28},"end":{"line":598,"column":7}},"line":593},"46":{"name":"removeFalseOptionalGraphNodeFlags","decl":{"start":{"line":602,"column":16},"end":{"line":602,"column":50}},"loc":{"start":{"line":602,"column":67},"end":{"line":616,"column":null}},"line":602}},"branchMap":{"0":{"loc":{"start":{"line":23,"column":2},"end":{"line":23,"column":null}},"type":"default-arg","locations":[{"start":{"line":23,"column":34},"end":{"line":23,"column":null}}],"line":23},"1":{"loc":{"start":{"line":24,"column":2},"end":{"line":24,"column":null}},"type":"default-arg","locations":[{"start":{"line":24,"column":36},"end":{"line":24,"column":null}}],"line":24},"2":{"loc":{"start":{"line":26,"column":26},"end":{"line":28,"column":null}},"type":"cond-expr","locations":[{"start":{"line":27,"column":6},"end":{"line":27,"column":28}},{"start":{"line":28,"column":6},"end":{"line":28,"column":null}}],"line":26},"3":{"loc":{"start":{"line":53,"column":2},"end":{"line":63,"column":null}},"type":"if","locations":[{"start":{"line":53,"column":2},"end":{"line":63,"column":null}},{"start":{"line":62,"column":9},"end":{"line":63,"column":null}}],"line":53},"4":{"loc":{"start":{"line":68,"column":19},"end":{"line":68,"column":null}},"type":"cond-expr","locations":[{"start":{"line":68,"column":31},"end":{"line":68,"column":73}},{"start":{"line":68,"column":73},"end":{"line":68,"column":null}}],"line":68},"5":{"loc":{"start":{"line":95,"column":2},"end":{"line":95,"column":null}},"type":"if","locations":[{"start":{"line":95,"column":2},"end":{"line":95,"column":null}},{"start":{},"end":{}}],"line":95},"6":{"loc":{"start":{"line":97,"column":11},"end":{"line":97,"column":null}},"type":"cond-expr","locations":[{"start":{"line":97,"column":19},"end":{"line":97,"column":27}},{"start":{"line":97,"column":27},"end":{"line":97,"column":null}}],"line":97},"7":{"loc":{"start":{"line":125,"column":21},"end":{"line":125,"column":72}},"type":"cond-expr","locations":[{"start":{"line":125,"column":40},"end":{"line":125,"column":66}},{"start":{"line":125,"column":66},"end":{"line":125,"column":72}}],"line":125},"8":{"loc":{"start":{"line":160,"column":2},"end":{"line":160,"column":null}},"type":"cond-expr","locations":[{"start":{"line":160,"column":64},"end":{"line":160,"column":68}},{"start":{"line":160,"column":68},"end":{"line":160,"column":null}}],"line":160},"9":{"loc":{"start":{"line":160,"column":10},"end":{"line":160,"column":38}},"type":"binary-expr","locations":[{"start":{"line":160,"column":10},"end":{"line":160,"column":31}},{"start":{"line":160,"column":31},"end":{"line":160,"column":38}}],"line":160},"10":{"loc":{"start":{"line":160,"column":38},"end":{"line":160,"column":64}},"type":"binary-expr","locations":[{"start":{"line":160,"column":38},"end":{"line":160,"column":59}},{"start":{"line":160,"column":59},"end":{"line":160,"column":64}}],"line":160},"11":{"loc":{"start":{"line":173,"column":4},"end":{"line":174,"column":null}},"type":"if","locations":[{"start":{"line":173,"column":4},"end":{"line":174,"column":null}},{"start":{},"end":{}}],"line":173},"12":{"loc":{"start":{"line":190,"column":4},"end":{"line":199,"column":null}},"type":"if","locations":[{"start":{"line":190,"column":4},"end":{"line":199,"column":null}},{"start":{},"end":{}}],"line":190},"13":{"loc":{"start":{"line":191,"column":7},"end":{"line":193,"column":null}},"type":"binary-expr","locations":[{"start":{"line":191,"column":7},"end":{"line":191,"column":null}},{"start":{"line":192,"column":8},"end":{"line":192,"column":null}},{"start":{"line":193,"column":7},"end":{"line":193,"column":20}},{"start":{"line":193,"column":20},"end":{"line":193,"column":null}}],"line":191},"14":{"loc":{"start":{"line":217,"column":4},"end":{"line":219,"column":null}},"type":"cond-expr","locations":[{"start":{"line":218,"column":8},"end":{"line":218,"column":null}},{"start":{"line":219,"column":8},"end":{"line":219,"column":null}}],"line":217},"15":{"loc":{"start":{"line":226,"column":2},"end":{"line":235,"column":null}},"type":"if","locations":[{"start":{"line":226,"column":2},"end":{"line":235,"column":null}},{"start":{},"end":{}}],"line":226},"16":{"loc":{"start":{"line":245,"column":2},"end":{"line":245,"column":null}},"type":"if","locations":[{"start":{"line":245,"column":2},"end":{"line":245,"column":null}},{"start":{},"end":{}}],"line":245},"17":{"loc":{"start":{"line":245,"column":6},"end":{"line":245,"column":45}},"type":"binary-expr","locations":[{"start":{"line":245,"column":6},"end":{"line":245,"column":24}},{"start":{"line":245,"column":24},"end":{"line":245,"column":45}}],"line":245},"18":{"loc":{"start":{"line":250,"column":22},"end":{"line":250,"column":null}},"type":"binary-expr","locations":[{"start":{"line":250,"column":22},"end":{"line":250,"column":37}},{"start":{"line":250,"column":37},"end":{"line":250,"column":null}}],"line":250},"19":{"loc":{"start":{"line":251,"column":4},"end":{"line":261,"column":null}},"type":"if","locations":[{"start":{"line":251,"column":4},"end":{"line":261,"column":null}},{"start":{},"end":{}}],"line":251},"20":{"loc":{"start":{"line":251,"column":8},"end":{"line":251,"column":35}},"type":"binary-expr","locations":[{"start":{"line":251,"column":8},"end":{"line":251,"column":22}},{"start":{"line":251,"column":22},"end":{"line":251,"column":35}}],"line":251},"21":{"loc":{"start":{"line":264,"column":6},"end":{"line":268,"column":null}},"type":"binary-expr","locations":[{"start":{"line":264,"column":6},"end":{"line":264,"column":null}},{"start":{"line":265,"column":6},"end":{"line":265,"column":null}},{"start":{"line":266,"column":6},"end":{"line":266,"column":null}},{"start":{"line":267,"column":6},"end":{"line":267,"column":null}},{"start":{"line":268,"column":6},"end":{"line":268,"column":null}}],"line":264},"22":{"loc":{"start":{"line":271,"column":6},"end":{"line":271,"column":null}},"type":"binary-expr","locations":[{"start":{"line":271,"column":6},"end":{"line":271,"column":21}},{"start":{"line":271,"column":21},"end":{"line":271,"column":null}}],"line":271},"23":{"loc":{"start":{"line":274,"column":6},"end":{"line":277,"column":null}},"type":"binary-expr","locations":[{"start":{"line":274,"column":6},"end":{"line":274,"column":null}},{"start":{"line":275,"column":6},"end":{"line":275,"column":null}},{"start":{"line":277,"column":6},"end":{"line":277,"column":null}}],"line":274},"24":{"loc":{"start":{"line":278,"column":21},"end":{"line":278,"column":null}},"type":"binary-expr","locations":[{"start":{"line":278,"column":21},"end":{"line":278,"column":39}},{"start":{"line":278,"column":39},"end":{"line":278,"column":54}},{"start":{"line":278,"column":54},"end":{"line":278,"column":null}}],"line":278},"25":{"loc":{"start":{"line":280,"column":6},"end":{"line":283,"column":null}},"type":"binary-expr","locations":[{"start":{"line":280,"column":6},"end":{"line":280,"column":null}},{"start":{"line":281,"column":7},"end":{"line":281,"column":33}},{"start":{"line":281,"column":33},"end":{"line":281,"column":48}},{"start":{"line":281,"column":48},"end":{"line":281,"column":null}},{"start":{"line":283,"column":7},"end":{"line":283,"column":20}},{"start":{"line":283,"column":20},"end":{"line":283,"column":null}}],"line":280},"26":{"loc":{"start":{"line":284,"column":26},"end":{"line":284,"column":null}},"type":"binary-expr","locations":[{"start":{"line":284,"column":26},"end":{"line":284,"column":39}},{"start":{"line":284,"column":39},"end":{"line":284,"column":null}}],"line":284},"27":{"loc":{"start":{"line":297,"column":4},"end":{"line":297,"column":null}},"type":"if","locations":[{"start":{"line":297,"column":4},"end":{"line":297,"column":null}},{"start":{},"end":{}}],"line":297},"28":{"loc":{"start":{"line":298,"column":4},"end":{"line":306,"column":null}},"type":"if","locations":[{"start":{"line":298,"column":4},"end":{"line":306,"column":null}},{"start":{},"end":{}}],"line":298},"29":{"loc":{"start":{"line":299,"column":6},"end":{"line":301,"column":56}},"type":"binary-expr","locations":[{"start":{"line":299,"column":6},"end":{"line":299,"column":null}},{"start":{"line":300,"column":7},"end":{"line":300,"column":null}},{"start":{"line":301,"column":8},"end":{"line":301,"column":56}}],"line":299},"30":{"loc":{"start":{"line":310,"column":2},"end":{"line":322,"column":null}},"type":"if","locations":[{"start":{"line":310,"column":2},"end":{"line":322,"column":null}},{"start":{"line":319,"column":9},"end":{"line":322,"column":null}}],"line":310},"31":{"loc":{"start":{"line":326,"column":4},"end":{"line":328,"column":null}},"type":"binary-expr","locations":[{"start":{"line":326,"column":4},"end":{"line":326,"column":null}},{"start":{"line":327,"column":5},"end":{"line":327,"column":15}},{"start":{"line":327,"column":15},"end":{"line":327,"column":null}},{"start":{"line":328,"column":5},"end":{"line":328,"column":23}},{"start":{"line":328,"column":23},"end":{"line":328,"column":null}}],"line":326},"32":{"loc":{"start":{"line":329,"column":2},"end":{"line":344,"column":null}},"type":"if","locations":[{"start":{"line":329,"column":2},"end":{"line":344,"column":null}},{"start":{},"end":{}}],"line":329},"33":{"loc":{"start":{"line":353,"column":2},"end":{"line":353,"column":null}},"type":"if","locations":[{"start":{"line":353,"column":2},"end":{"line":353,"column":null}},{"start":{},"end":{}}],"line":353},"34":{"loc":{"start":{"line":361,"column":4},"end":{"line":381,"column":null}},"type":"if","locations":[{"start":{"line":361,"column":4},"end":{"line":381,"column":null}},{"start":{"line":377,"column":11},"end":{"line":381,"column":null}}],"line":361},"35":{"loc":{"start":{"line":362,"column":6},"end":{"line":365,"column":null}},"type":"if","locations":[{"start":{"line":362,"column":6},"end":{"line":365,"column":null}},{"start":{},"end":{}}],"line":362},"36":{"loc":{"start":{"line":373,"column":6},"end":{"line":375,"column":null}},"type":"if","locations":[{"start":{"line":373,"column":6},"end":{"line":375,"column":null}},{"start":{},"end":{}}],"line":373},"37":{"loc":{"start":{"line":379,"column":6},"end":{"line":381,"column":null}},"type":"if","locations":[{"start":{"line":379,"column":6},"end":{"line":381,"column":null}},{"start":{},"end":{}}],"line":379},"38":{"loc":{"start":{"line":398,"column":2},"end":{"line":399,"column":null}},"type":"if","locations":[{"start":{"line":398,"column":2},"end":{"line":399,"column":null}},{"start":{},"end":{}}],"line":398},"39":{"loc":{"start":{"line":401,"column":2},"end":{"line":404,"column":null}},"type":"if","locations":[{"start":{"line":401,"column":2},"end":{"line":404,"column":null}},{"start":{},"end":{}}],"line":401},"40":{"loc":{"start":{"line":415,"column":6},"end":{"line":418,"column":null}},"type":"if","locations":[{"start":{"line":415,"column":6},"end":{"line":418,"column":null}},{"start":{"line":417,"column":13},"end":{"line":418,"column":null}}],"line":415},"41":{"loc":{"start":{"line":415,"column":10},"end":{"line":415,"column":44}},"type":"binary-expr","locations":[{"start":{"line":415,"column":10},"end":{"line":415,"column":27}},{"start":{"line":415,"column":27},"end":{"line":415,"column":44}}],"line":415},"42":{"loc":{"start":{"line":421,"column":29},"end":{"line":423,"column":21}},"type":"cond-expr","locations":[{"start":{"line":422,"column":8},"end":{"line":422,"column":null}},{"start":{"line":423,"column":8},"end":{"line":423,"column":21}}],"line":421},"43":{"loc":{"start":{"line":424,"column":4},"end":{"line":426,"column":null}},"type":"if","locations":[{"start":{"line":424,"column":4},"end":{"line":426,"column":null}},{"start":{},"end":{}}],"line":424},"44":{"loc":{"start":{"line":437,"column":2},"end":{"line":438,"column":null}},"type":"if","locations":[{"start":{"line":437,"column":2},"end":{"line":438,"column":null}},{"start":{},"end":{}}],"line":437},"45":{"loc":{"start":{"line":451,"column":2},"end":{"line":452,"column":null}},"type":"if","locations":[{"start":{"line":451,"column":2},"end":{"line":452,"column":null}},{"start":{},"end":{}}],"line":451},"46":{"loc":{"start":{"line":451,"column":6},"end":{"line":451,"column":71}},"type":"binary-expr","locations":[{"start":{"line":451,"column":6},"end":{"line":451,"column":24}},{"start":{"line":451,"column":24},"end":{"line":451,"column":49}},{"start":{"line":451,"column":49},"end":{"line":451,"column":71}}],"line":451},"47":{"loc":{"start":{"line":467,"column":15},"end":{"line":467,"column":null}},"type":"cond-expr","locations":[{"start":{"line":467,"column":33},"end":{"line":467,"column":46}},{"start":{"line":467,"column":46},"end":{"line":467,"column":null}}],"line":467},"48":{"loc":{"start":{"line":495,"column":15},"end":{"line":495,"column":null}},"type":"cond-expr","locations":[{"start":{"line":495,"column":33},"end":{"line":495,"column":46}},{"start":{"line":495,"column":46},"end":{"line":495,"column":null}}],"line":495},"49":{"loc":{"start":{"line":509,"column":15},"end":{"line":509,"column":null}},"type":"cond-expr","locations":[{"start":{"line":509,"column":33},"end":{"line":509,"column":46}},{"start":{"line":509,"column":46},"end":{"line":509,"column":null}}],"line":509},"50":{"loc":{"start":{"line":525,"column":8},"end":{"line":525,"column":null}},"type":"cond-expr","locations":[{"start":{"line":525,"column":22},"end":{"line":525,"column":75}},{"start":{"line":525,"column":75},"end":{"line":525,"column":null}}],"line":525},"51":{"loc":{"start":{"line":572,"column":37},"end":{"line":572,"column":67}},"type":"binary-expr","locations":[{"start":{"line":572,"column":37},"end":{"line":572,"column":53}},{"start":{"line":572,"column":53},"end":{"line":572,"column":67}}],"line":572},"52":{"loc":{"start":{"line":603,"column":2},"end":{"line":603,"column":null}},"type":"if","locations":[{"start":{"line":603,"column":2},"end":{"line":603,"column":null}},{"start":{},"end":{}}],"line":603},"53":{"loc":{"start":{"line":604,"column":2},"end":{"line":604,"column":null}},"type":"if","locations":[{"start":{"line":604,"column":2},"end":{"line":604,"column":null}},{"start":{},"end":{}}],"line":604},"54":{"loc":{"start":{"line":605,"column":2},"end":{"line":605,"column":null}},"type":"if","locations":[{"start":{"line":605,"column":2},"end":{"line":605,"column":null}},{"start":{},"end":{}}],"line":605},"55":{"loc":{"start":{"line":606,"column":2},"end":{"line":606,"column":null}},"type":"if","locations":[{"start":{"line":606,"column":2},"end":{"line":606,"column":null}},{"start":{},"end":{}}],"line":606},"56":{"loc":{"start":{"line":607,"column":2},"end":{"line":607,"column":null}},"type":"if","locations":[{"start":{"line":607,"column":2},"end":{"line":607,"column":null}},{"start":{},"end":{}}],"line":607},"57":{"loc":{"start":{"line":608,"column":2},"end":{"line":608,"column":null}},"type":"if","locations":[{"start":{"line":608,"column":2},"end":{"line":608,"column":null}},{"start":{},"end":{}}],"line":608},"58":{"loc":{"start":{"line":609,"column":2},"end":{"line":609,"column":null}},"type":"if","locations":[{"start":{"line":609,"column":2},"end":{"line":609,"column":null}},{"start":{},"end":{}}],"line":609},"59":{"loc":{"start":{"line":610,"column":2},"end":{"line":610,"column":null}},"type":"if","locations":[{"start":{"line":610,"column":2},"end":{"line":610,"column":null}},{"start":{},"end":{}}],"line":610},"60":{"loc":{"start":{"line":611,"column":2},"end":{"line":611,"column":null}},"type":"if","locations":[{"start":{"line":611,"column":2},"end":{"line":611,"column":null}},{"start":{},"end":{}}],"line":611},"61":{"loc":{"start":{"line":614,"column":4},"end":{"line":614,"column":null}},"type":"if","locations":[{"start":{"line":614,"column":4},"end":{"line":614,"column":null}},{"start":{},"end":{}}],"line":614},"62":{"loc":{"start":{"line":615,"column":4},"end":{"line":616,"column":null}},"type":"if","locations":[{"start":{"line":615,"column":4},"end":{"line":616,"column":null}},{"start":{},"end":{}}],"line":615}},"s":{"0":4,"1":10,"2":10,"3":10,"4":10,"5":10,"6":5,"7":5,"8":10,"9":10,"10":10,"11":10,"12":10,"13":10,"14":10,"15":10,"16":10,"17":171,"18":10,"19":10,"20":10,"21":10,"22":10,"23":10,"24":0,"25":10,"26":171,"27":37,"28":82,"29":82,"30":58,"31":210,"32":51,"33":143,"34":4,"35":8,"36":12,"37":12,"38":8,"39":12,"40":5,"41":5,"42":1,"43":4,"44":89,"45":84,"46":65,"47":84,"48":5,"49":5,"50":5,"51":5,"52":49,"53":5,"54":2,"55":90,"56":57,"57":33,"58":85,"59":85,"60":85,"61":85,"62":85,"63":1,"64":1,"65":85,"66":85,"67":85,"68":85,"69":85,"70":85,"71":85,"72":85,"73":85,"74":85,"75":23,"76":85,"77":7,"78":7,"79":85,"80":33,"81":15,"82":15,"83":15,"84":15,"85":18,"86":18,"87":18,"88":33,"89":33,"90":90,"91":5,"92":5,"93":171,"94":133,"95":38,"96":38,"97":38,"98":38,"99":161,"100":161,"101":161,"102":161,"103":37,"104":22,"105":22,"106":37,"107":37,"108":37,"109":25,"110":25,"111":124,"112":124,"113":15,"114":15,"115":161,"116":10,"117":10,"118":10,"119":171,"120":133,"121":38,"122":15,"123":37,"124":23,"125":23,"126":23,"127":114,"128":136,"129":129,"130":7,"131":114,"132":114,"133":115,"134":7,"135":7,"136":7,"137":107,"138":123,"139":107,"140":107,"141":23,"142":13,"143":23,"144":23,"145":101,"146":101,"147":101,"148":23,"149":23,"150":0,"151":23,"152":10,"153":171,"154":50,"155":10,"156":171,"157":11,"158":10,"159":171,"160":33,"161":10,"162":171,"163":49,"164":171,"165":134,"166":0,"167":0,"168":0,"169":0,"170":0,"171":0,"172":0,"173":0,"174":0,"175":0,"176":0,"177":0,"178":0,"179":0,"180":0,"181":0,"182":171,"183":168,"184":171,"185":138,"186":171,"187":160,"188":171,"189":156,"190":171,"191":121,"192":171,"193":166,"194":171,"195":129,"196":171,"197":134,"198":171,"199":162,"200":171,"201":2442,"202":171,"203":2271,"204":0},"f":{"0":10,"1":171,"2":171,"3":37,"4":82,"5":82,"6":58,"7":210,"8":51,"9":143,"10":8,"11":12,"12":5,"13":5,"14":89,"15":5,"16":49,"17":90,"18":171,"19":10,"20":171,"21":37,"22":114,"23":115,"24":123,"25":10,"26":171,"27":50,"28":10,"29":171,"30":11,"31":10,"32":171,"33":33,"34":10,"35":171,"36":49,"37":171,"38":134,"39":0,"40":0,"41":0,"42":0,"43":0,"44":0,"45":0,"46":171},"b":{"0":[10],"1":[10],"2":[0,10],"3":[5,5],"4":[5,5],"5":[0,10],"6":[0,10],"7":[0,82],"8":[4,4],"9":[8,0],"10":[8,0],"11":[1,4],"12":[65,19],"13":[84,69,26,8],"14":[2,3],"15":[2,3],"16":[57,33],"17":[90,81],"18":[85,28],"19":[1,84],"20":[85,37],"21":[85,37,3,3,3],"22":[85,28],"23":[85,37,12],"24":[85,74,59],"25":[85,70,33,1,69,9],"26":[85,58],"27":[23,62],"28":[7,78],"29":[85,84,15],"30":[15,18],"31":[33,18,13,12,11],"32":[5,85],"33":[133,38],"34":[37,124],"35":[22,15],"36":[25,12],"37":[15,109],"38":[133,38],"39":[15,23],"40":[129,7],"41":[136,88],"42":[15,99],"43":[7,107],"44":[13,10],"45":[0,23],"46":[23,23,23],"47":[50,0],"48":[23,10],"49":[49,0],"50":[10,161],"51":[0,0],"52":[168,3],"53":[138,33],"54":[160,11],"55":[156,15],"56":[121,50],"57":[166,5],"58":[129,42],"59":[134,37],"60":[162,9],"61":[171,2271],"62":[0,2271]},"meta":{"lastBranch":63,"lastFunction":47,"lastStatement":205,"seen":{"s:14:50:14:Infinity":0,"f:16:16:16:Infinity":0,"b:23:34:23:Infinity":0,"b:24:36:24:Infinity":1,"s:26:26:28:Infinity":1,"b:27:6:27:28:28:6:28:Infinity":2,"s:29:24:29:Infinity":2,"s:30:33:30:70":3,"s:31:26:51:Infinity":4,"b:53:2:63:Infinity:62:9:63:Infinity":3,"s:53:2:63:Infinity":5,"s:54:4:61:Infinity":6,"s:63:4:63:Infinity":7,"s:66:2:69:Infinity":8,"b:68:31:68:73:68:73:68:Infinity":4,"s:70:2:79:Infinity":9,"s:80:2:81:Infinity":10,"s:82:24:82:Infinity":11,"s:83:25:83:Infinity":12,"s:85:2:85:Infinity":13,"s:86:22:86:46":14,"s:87:16:87:34":15,"s:88:23:88:61":16,"f:88:29:88:37":1,"s:88:46:88:61":17,"s:89:22:89:47":18,"s:90:23:90:57":19,"s:91:20:91:51":20,"s:92:18:92:53":21,"s:94:8:94:36":22,"b:95:2:95:Infinity:undefined:undefined:undefined:undefined":5,"s:95:2:95:Infinity":23,"s:95:13:95:Infinity":24,"s:96:2:106:Infinity":25,"b:97:19:97:27:97:27:97:Infinity":6,"f:109:9:109:22":2,"s:110:2:110:Infinity":26,"f:113:9:113:27":3,"s:114:2:114:Infinity":27,"f:117:9:117:27":4,"s:118:2:118:Infinity":28,"f:121:9:121:22":5,"s:122:2:128:Infinity":29,"b:125:40:125:66:125:66:125:72":7,"f:132:9:132:Infinity":6,"s:136:2:136:Infinity":30,"f:136:23:136:31":7,"s:136:42:136:57":31,"f:139:9:139:Infinity":8,"s:143:2:143:Infinity":32,"f:143:47:143:52":9,"s:143:58:143:66":33,"s:146:47:157:Infinity":34,"f:159:9:159:20":10,"s:160:2:160:Infinity":35,"b:160:64:160:68:160:68:160:Infinity":8,"b:160:10:160:31:160:31:160:38":9,"b:160:38:160:59:160:59:160:64":10,"f:163:9:163:29":11,"s:164:14:164:Infinity":36,"s:165:2:166:Infinity":37,"s:166:4:166:Infinity":38,"s:168:2:168:Infinity":39,"f:171:16:171:31":12,"s:172:2:181:Infinity":40,"f:172:16:172:21":13,"b:173:4:174:Infinity:undefined:undefined:undefined:undefined":11,"s:173:4:174:Infinity":41,"s:174:6:174:Infinity":42,"s:176:4:180:Infinity":43,"f:184:9:184:Infinity":14,"s:189:2:201:Infinity":44,"b:190:4:199:Infinity:undefined:undefined:undefined:undefined":12,"s:190:4:199:Infinity":45,"b:191:7:191:Infinity:192:8:192:Infinity:193:7:193:20:193:20:193:Infinity":13,"s:199:6:199:Infinity":46,"s:201:4:201:Infinity":47,"f:205:9:205:Infinity":15,"s:213:39:213:41":48,"s:214:2:214:Infinity":49,"s:217:4:219:Infinity":50,"b:218:8:218:Infinity:219:8:219:Infinity":14,"s:220:2:225:Infinity":51,"f:221:44:221:49":16,"s:221:71:224:7":52,"b:226:2:235:Infinity:undefined:undefined:undefined:undefined":15,"s:226:2:235:Infinity":53,"s:227:4:235:Infinity":54,"f:239:9:239:Infinity":17,"b:245:2:245:Infinity:undefined:undefined:undefined:undefined":16,"s:245:2:245:Infinity":55,"b:245:6:245:24:245:24:245:45":17,"s:245:45:245:Infinity":56,"s:246:2:308:Infinity":57,"s:247:19:247:Infinity":58,"s:248:23:248:Infinity":59,"s:249:24:249:Infinity":60,"s:250:22:250:Infinity":61,"b:250:22:250:37:250:37:250:Infinity":18,"b:251:4:261:Infinity:undefined:undefined:undefined:undefined":19,"s:251:4:261:Infinity":62,"b:251:8:251:22:251:22:251:35":20,"s:256:6:260:Infinity":63,"s:261:6:261:Infinity":64,"s:264:6:268:Infinity":65,"b:264:6:264:Infinity:265:6:265:Infinity:266:6:266:Infinity:267:6:267:Infinity:268:6:268:Infinity":21,"s:269:22:269:Infinity":66,"s:271:6:271:Infinity":67,"b:271:6:271:21:271:21:271:Infinity":22,"s:274:6:277:Infinity":68,"b:274:6:274:Infinity:275:6:275:Infinity:277:6:277:Infinity":23,"s:278:21:278:Infinity":69,"b:278:21:278:39:278:39:278:54:278:54:278:Infinity":24,"s:280:6:283:Infinity":70,"b:280:6:280:Infinity:281:7:281:33:281:33:281:48:281:48:281:Infinity:283:7:283:20:283:20:283:Infinity":25,"s:284:26:284:Infinity":71,"b:284:26:284:39:284:39:284:Infinity":26,"s:285:33:295:Infinity":72,"s:296:4:296:Infinity":73,"b:297:4:297:Infinity:undefined:undefined:undefined:undefined":27,"s:297:4:297:Infinity":74,"s:297:21:297:Infinity":75,"b:298:4:306:Infinity:undefined:undefined:undefined:undefined":28,"s:298:4:306:Infinity":76,"b:299:6:299:Infinity:300:7:300:Infinity:301:8:301:56":29,"s:305:6:305:Infinity":77,"s:306:6:306:Infinity":78,"s:308:4:308:Infinity":79,"b:310:2:322:Infinity:319:9:322:Infinity":30,"s:310:2:322:Infinity":80,"s:312:27:312:Infinity":81,"s:313:4:313:Infinity":82,"s:314:4:314:Infinity":83,"s:315:4:318:Infinity":84,"s:320:4:320:Infinity":85,"s:321:4:321:Infinity":86,"s:322:4:322:Infinity":87,"s:324:15:324:Infinity":88,"s:325:2:328:Infinity":89,"b:326:4:326:Infinity:327:5:327:15:327:15:327:Infinity:328:5:328:23:328:23:328:Infinity":31,"b:329:2:344:Infinity:undefined:undefined:undefined:undefined":32,"s:329:2:344:Infinity":90,"s:333:4:333:Infinity":91,"s:334:4:344:Infinity":92,"f:348:9:348:Infinity":18,"b:353:2:353:Infinity:undefined:undefined:undefined:undefined":33,"s:353:2:353:Infinity":93,"s:353:34:353:Infinity":94,"s:354:2:354:Infinity":95,"s:355:11:355:Infinity":96,"s:356:11:356:Infinity":97,"s:357:2:384:Infinity":98,"s:358:4:358:Infinity":99,"s:359:4:359:Infinity":100,"s:360:23:360:Infinity":101,"b:361:4:381:Infinity:377:11:381:Infinity":34,"s:361:4:381:Infinity":102,"b:362:6:365:Infinity:undefined:undefined:undefined:undefined":35,"s:362:6:365:Infinity":103,"s:364:8:364:Infinity":104,"s:365:8:365:Infinity":105,"s:367:6:367:Infinity":106,"s:369:6:372:Infinity":107,"b:373:6:375:Infinity:undefined:undefined:undefined:undefined":36,"s:373:6:375:Infinity":108,"s:374:8:374:Infinity":109,"s:375:8:375:Infinity":110,"s:378:6:378:Infinity":111,"b:379:6:381:Infinity:undefined:undefined:undefined:undefined":37,"s:379:6:381:Infinity":112,"s:380:8:380:Infinity":113,"s:381:8:381:Infinity":114,"s:384:4:384:Infinity":115,"f:388:9:388:28":19,"s:389:45:389:47":116,"s:390:2:390:Infinity":117,"s:391:2:391:Infinity":118,"f:394:9:394:Infinity":20,"b:398:2:399:Infinity:undefined:undefined:undefined:undefined":38,"s:398:2:399:Infinity":119,"s:399:4:399:Infinity":120,"b:401:2:404:Infinity:undefined:undefined:undefined:undefined":39,"s:401:2:404:Infinity":121,"s:402:4:404:Infinity":122,"f:402:25:402:34":21,"s:403:6:403:42":123,"s:407:22:407:42":124,"s:408:23:408:43":125,"s:409:8:435:Infinity":126,"f:409:8:409:Infinity":22,"s:414:4:418:Infinity":127,"b:415:6:418:Infinity:417:13:418:Infinity":40,"s:415:6:418:Infinity":128,"b:415:10:415:27:415:27:415:44":41,"s:416:8:416:Infinity":129,"s:418:8:418:Infinity":130,"s:421:29:423:21":131,"b:422:8:422:Infinity:423:8:423:21":42,"b:424:4:426:Infinity:undefined:undefined:undefined:undefined":43,"s:424:4:426:Infinity":132,"f:424:26:424:32":23,"s:424:38:424:51":133,"s:425:6:425:Infinity":134,"s:425:43:425:Infinity":135,"s:426:6:426:Infinity":136,"s:428:4:433:Infinity":137,"f:432:40:432:46":24,"s:432:52:432:Infinity":138,"s:434:4:434:Infinity":139,"s:435:4:435:Infinity":140,"b:437:2:438:Infinity:undefined:undefined:undefined:undefined":44,"s:437:2:438:Infinity":141,"s:438:4:438:Infinity":142,"s:440:2:448:Infinity":143,"s:440:15:440:18":144,"s:441:19:441:Infinity":145,"s:442:19:442:Infinity":146,"s:443:4:448:Infinity":147,"s:450:15:450:Infinity":148,"b:451:2:452:Infinity:undefined:undefined:undefined:undefined":45,"s:451:2:452:Infinity":149,"b:451:6:451:24:451:24:451:49:451:49:451:71":46,"s:452:4:452:Infinity":150,"s:454:2:454:Infinity":151,"f:457:9:457:28":25,"s:458:2:469:Infinity":152,"f:459:5:459:13":26,"s:459:22:459:41":153,"f:460:5:460:10":27,"s:461:6:468:Infinity":154,"b:467:33:467:46:467:46:467:Infinity":47,"f:472:9:472:29":28,"s:473:2:483:Infinity":155,"f:474:5:474:13":29,"s:474:22:474:42":156,"f:475:5:475:10":30,"s:476:6:482:Infinity":157,"f:486:9:486:26":31,"s:487:2:498:Infinity":158,"f:488:5:488:13":32,"s:488:22:488:39":159,"f:489:5:489:10":33,"s:490:6:497:Infinity":160,"b:495:33:495:46:495:46:495:Infinity":48,"f:501:9:501:30":34,"s:502:2:513:Infinity":161,"f:503:5:503:13":35,"s:503:22:503:37":162,"f:504:5:504:10":36,"s:505:6:512:Infinity":163,"b:509:33:509:46:509:46:509:Infinity":49,"f:516:9:516:23":37,"s:517:2:526:Infinity":164,"b:525:22:525:75:525:75:525:Infinity":50,"f:529:9:529:Infinity":38,"s:534:2:542:Infinity":165,"f:545:9:545:Infinity":39,"s:551:2:551:Infinity":166,"s:552:2:565:Infinity":167,"f:555:29:555:45":40,"s:556:8:562:Infinity":168,"s:566:2:566:Infinity":169,"s:567:2:568:Infinity":170,"s:568:4:568:Infinity":171,"s:570:2:570:Infinity":172,"s:571:2:587:Infinity":173,"f:572:10:572:15":41,"s:572:22:572:69":174,"b:572:37:572:53:572:53:572:67":51,"s:589:16:589:53":175,"f:589:30:589:35":42,"s:589:41:589:51":176,"s:590:8:591:67":177,"f:590:8:590:21":43,"s:591:4:591:67":178,"f:591:7:591:12":44,"s:591:18:591:57":179,"s:592:2:599:Infinity":180,"f:593:16:593:21":45,"s:593:28:598:7":181,"f:602:16:602:50":46,"b:603:2:603:Infinity:undefined:undefined:undefined:undefined":52,"s:603:2:603:Infinity":182,"s:603:33:603:Infinity":183,"b:604:2:604:Infinity:undefined:undefined:undefined:undefined":53,"s:604:2:604:Infinity":184,"s:604:25:604:Infinity":185,"b:605:2:605:Infinity:undefined:undefined:undefined:undefined":54,"s:605:2:605:Infinity":186,"s:605:28:605:Infinity":187,"b:606:2:606:Infinity:undefined:undefined:undefined:undefined":55,"s:606:2:606:Infinity":188,"s:606:25:606:Infinity":189,"b:607:2:607:Infinity:undefined:undefined:undefined:undefined":56,"s:607:2:607:Infinity":190,"s:607:27:607:Infinity":191,"b:608:2:608:Infinity:undefined:undefined:undefined:undefined":57,"s:608:2:608:Infinity":192,"s:608:25:608:Infinity":193,"b:609:2:609:Infinity:undefined:undefined:undefined:undefined":58,"s:609:2:609:Infinity":194,"s:609:22:609:Infinity":195,"b:610:2:610:Infinity:undefined:undefined:undefined:undefined":59,"s:610:2:610:Infinity":196,"s:610:24:610:Infinity":197,"b:611:2:611:Infinity:undefined:undefined:undefined:undefined":60,"s:611:2:611:Infinity":198,"s:611:23:611:Infinity":199,"s:613:2:616:Infinity":200,"b:614:4:614:Infinity:undefined:undefined:undefined:undefined":61,"s:614:4:614:Infinity":201,"s:614:33:614:Infinity":202,"b:615:4:616:Infinity:undefined:undefined:undefined:undefined":62,"s:615:4:616:Infinity":203,"s:616:6:616:Infinity":204}}}
[...]
s","decl":{"start":{"line":388,"column":9},"end":{"line":388,"column":null}},"loc":{"start":{"line":392,"column":24},"end":{"line":416,"column":null}},"line":392},"24":{"name":"createSmallLabels","decl":{"start":{"line":422,"column":9},"end":{"line":422,"column":null}},"loc":{"start":{"line":425,"column":24},"end":{"line":454,"column":null}},"line":425},"25":{"name":"createBranchLabels","decl":{"start":{"line":460,"column":9},"end":{"line":460,"column":null}},"loc":{"start":{"line":463,"column":24},"end":{"line":487,"column":null}},"line":463},"26":{"name":"createConnections","decl":{"start":{"line":493,"column":9},"end":{"line":493,"column":null}},"loc":{"start":{"line":496,"column":30},"end":{"line":537,"column":null}},"line":496},"27":{"name":"(anonymous_27)","decl":{"start":{"line":515,"column":38},"end":{"line":515,"column":43}},"loc":{"start":{"line":515,"column":51},"end":{"line":515,"column":58}},"line":515},"28":{"name":"(anonymous_28)","decl":{"start":{"line":533,"column":30},"end":{"line":533,"column":35}},"loc":{"start":{"line":533,"column":43},"end":{"line":533,"column":63}},"line":533}},"branchMap":{"0":{"loc":{"start":{"line":35,"column":2},"end":{"line":35,"column":null}},"type":"default-arg","locations":[{"start":{"line":35,"column":28},"end":{"line":35,"column":null}}],"line":35},"1":{"loc":{"start":{"line":36,"column":2},"end":{"line":36,"column":null}},"type":"default-arg","locations":[{"start":{"line":36,"column":36},"end":{"line":36,"column":null}}],"line":36},"2":{"loc":{"start":{"line":38,"column":26},"end":{"line":40,"column":null}},"type":"cond-expr","locations":[{"start":{"line":38,"column":26},"end":{"line":39,"column":31}},{"start":{"line":40,"column":6},"end":{"line":40,"column":null}}],"line":38},"3":{"loc":{"start":{"line":75,"column":4},"end":{"line":80,"column":null}},"type":"if","locations":[{"start":{"line":75,"column":4},"end":{"line":80,"column":null}},{"start":{},"end":{}}],"line":75},"4":{"loc":{"start":{"line":77,"column":8},"end":{"line":77,"column":67}},"type":"cond-expr","locations":[{"start":{"line":77,"column":38},"end":{"line":77,"column":62}},{"start":{"line":77,"column":65},"end":{"line":77,"column":67}}],"line":77},"5":{"loc":{"start":{"line":97,"column":4},"end":{"line":98,"column":null}},"type":"if","locations":[{"start":{"line":97,"column":4},"end":{"line":98,"column":null}},{"start":{},"end":{}}],"line":97},"6":{"loc":{"start":{"line":110,"column":47},"end":{"line":110,"column":78}},"type":"binary-expr","locations":[{"start":{"line":110,"column":47},"end":{"line":110,"column":65}},{"start":{"line":110,"column":65},"end":{"line":110,"column":78}}],"line":110},"7":{"loc":{"start":{"line":116,"column":4},"end":{"line":117,"column":null}},"type":"if","locations":[{"start":{"line":116,"column":4},"end":{"line":117,"column":null}},{"start":{},"end":{}}],"line":116},"8":{"loc":{"start":{"line":181,"column":2},"end":{"line":181,"column":39}},"type":"default-arg","locations":[{"start":{"line":181,"column":37},"end":{"line":181,"column":39}}],"line":181},"9":{"loc":{"start":{"line":187,"column":4},"end":{"line":187,"column":null}},"type":"default-arg","locations":[{"start":{"line":187,"column":43},"end":{"line":187,"column":null}}],"line":187},"10":{"loc":{"start":{"line":205,"column":6},"end":{"line":207,"column":41}},"type":"cond-expr","locations":[{"start":{"line":206,"column":10},"end":{"line":206,"column":null}},{"start":{"line":207,"column":10},"end":{"line":207,"column":41}}],"line":205},"11":{"loc":{"start":{"line":205,"column":6},"end":{"line":205,"column":48}},"type":"binary-expr","locations":[{"start":{"line":205,"column":6},"end":{"line":205,"column":22}},{"start":{"line":205,"column":22},"end":{"line":205,"column":48}}],"line":205},"12":{"loc":{"start":{"line":219,"column":6},"end":{"line":225,"column":null}},"type":"if","locations":[{"start":{"line":219,"column":6},"end":{"line":225,"column":null}},{"start":{"line":224,"column":13},"end":{"line":225,"column":null}}],"line":219},"13":{"loc":{"start":{"line":219,"column":10},"end":{"line":219,"column":53}},"type":"binary-expr","locations":[{"start":{"line":219,"column":10},"end":{"line":219,"column":26}},{"start":{"line":219,"column":26},"end":{"line":219,"column":53}}],"line":219},"14":{"loc":{"start":{"line":248,"column":12},"end":{"line":248,"column":null}},"type":"binary-expr","locations":[{"start":{"line":248,"column":12},"end":{"line":248,"column":30}},{"start":{"line":248,"column":30},"end":{"line":248,"column":null}}],"line":248},"15":{"loc":{"start":{"line":261,"column":2},"end":{"line":262,"column":null}},"type":"if","locations":[{"start":{"line":261,"column":2},"end":{"line":262,"column":null}},{"start":{},"end":{}}],"line":261},"16":{"loc":{"start":{"line":266,"column":6},"end":{"line":266,"column":null}},"type":"binary-expr","locations":[{"start":{"line":266,"column":6},"end":{"line":266,"column":29}},{"start":{"line":266,"column":33},"end":{"line":266,"column":null}}],"line":266},"17":{"loc":{"start":{"line":268,"column":4},"end":{"line":269,"column":null}},"type":"if","locations":[{"start":{"line":268,"column":4},"end":{"line":269,"column":null}},{"start":{},"end":{}}],"line":268},"18":{"loc":{"start":{"line":289,"column":4},"end":{"line":299,"column":null}},"type":"if","locations":[{"start":{"line":289,"column":4},"end":{"line":299,"column":null}},{"start":{},"end":{}}],"line":289},"19":{"loc":{"start":{"line":291,"column":6},"end":{"line":299,"column":null}},"type":"if","locations":[{"start":{"line":291,"column":6},"end":{"line":299,"column":null}},{"start":{"line":298,"column":13},"end":{"line":299,"column":null}}],"line":291},"20":{"loc":{"start":{"line":291,"column":10},"end":{"line":291,"column":66}},"type":"binary-expr","locations":[{"start":{"line":291,"column":10},"end":{"line":291,"column":43}},{"start":{"line":291,"column":43},"end":{"line":291,"column":66}}],"line":291},"21":{"loc":{"start":{"line":293,"column":8},"end":{"line":296,"column":null}},"type":"if","locations":[{"start":{"line":293,"column":8},"end":{"line":296,"column":null}},{"start":{"line":295,"column":15},"end":{"line":296,"column":null}}],"line":293},"22":{"loc":{"start":{"line":311,"column":4},"end":{"line":312,"column":null}},"type":"if","locations":[{"start":{"line":311,"column":4},"end":{"line":312,"column":null}},{"start":{},"end":{}}],"line":311},"23":{"loc":{"start":{"line":352,"column":2},"end":{"line":353,"column":null}},"type":"if","locations":[{"start":{"line":352,"column":2},"end":{"line":353,"column":null}},{"start":{},"end":{}}],"line":352},"24":{"loc":{"start":{"line":352,"column":6},"end":{"line":352,"column":31}},"type":"binary-expr","locations":[{"start":{"line":352,"column":6},"end":{"line":352,"column":19}},{"start":{"line":352,"column":19},"end":{"line":352,"column":31}}],"line":352},"25":{"loc":{"start":{"line":359,"column":4},"end":{"line":360,"column":null}},"type":"if","locations":[{"start":{"line":359,"column":4},"end":{"line":360,"column":null}},{"start":{},"end":{}}],"line":359},"26":{"loc":{"start":{"line":363,"column":17},"end":{"line":363,"column":null}},"type":"cond-expr","locations":[{"start":{"line":363,"column":25},"end":{"line":363,"column":38}},{"start":{"line":363,"column":38},"end":{"line":363,"column":null}}],"line":363},"27":{"loc":{"start":{"line":368,"column":4},"end":{"line":369,"column":null}},"type":"if","locations":[{"start":{"line":368,"column":4},"end":{"line":369,"column":null}},{"start":{},"end":{}}],"line":368},"28":{"loc":{"start":{"line":395,"column":2},"end":{"line":396,"column":null}},"type":"if","locations":[{"start":{"line":395,"column":2},"end":{"line":396,"column":null}},{"start":{},"end":{}}],"line":395},"29":{"loc":{"start":{"line":395,"column":6},"end":{"line":395,"column":36}},"type":"binary-expr","locations":[{"start":{"line":395,"column":6},"end":{"line":395,"column":20}},{"start":{"line":395,"column":20},"end":{"line":395,"column":36}}],"line":395},"30":{"loc":{"start":{"line":401,"column":4},"end":{"line":402,"column":null}},"type":"if","locations":[{"start":{"line":401,"column":4},"end":{"line":402,"column":null}},{"start":{},"end":{}}],"line":401},"31":{"loc":{"start":{"line":427,"column":2},"end":{"line":428,"column":null}},"type":"if","locations":[{"start":{"line":427,"column":2},"end":{"line":428,"column":null}},{"start":{},"end":{}}],"line":427},"32":{"loc":{"start":{"line":434,"column":8},"end":{"line":435,"column":null}},"type":"if","locations":[{"start":{"line":434,"column":8},"end":{"line":435,"column":null}},{"start":{},"end":{}}],"line":434},"33":{"loc":{"start":{"line":434,"column":12},"end":{"line":434,"column":73}},"type":"binary-expr","locations":[{"start":{"line":434,"column":12},"end":{"line":434,"column":34}},{"start":{"line":434,"column":34},"end":{"line":434,"column":73}}],"line":434},"34":{"loc":{"start":{"line":445,"column":8},"end":{"line":446,"column":null}},"type":"if","locations":[{"start":{"line":445,"column":8},"end":{"line":446,"column":null}},{"start":{},"end":{}}],"line":445},"35":{"loc":{"start":{"line":465,"column":2},"end":{"line":466,"column":null}},"type":"if","locations":[{"start":{"line":465,"column":2},"end":{"line":466,"column":null}},{"start":{},"end":{}}],"line":465},"36":{"loc":{"start":{"line":471,"column":4},"end":{"line":481,"column":null}},"type":"if","locations":[{"start":{"line":471,"column":4},"end":{"line":481,"column":null}},{"start":{},"end":{}}],"line":471},"37":{"loc":{"start":{"line":474,"column":8},"end":{"line":481,"column":null}},"type":"if","locations":[{"start":{"line":474,"column":8},"end":{"line":481,"column":null}},{"start":{},"end":{}}],"line":474},"38":{"loc":{"start":{"line":474,"column":12},"end":{"line":474,"column":68}},"type":"binary-expr","locations":[{"start":{"line":474,"column":12},"end":{"line":474,"column":40}},{"start":{"line":474,"column":40},"end":{"line":474,"column":68}}],"line":474},"39":{"loc":{"start":{"line":503,"column":4},"end":{"line":508,"column":null}},"type":"if","locations":[{"start":{"line":503,"column":4},"end":{"line":508,"column":null}},{"start":{},"end":{}}],"line":503},"40":{"loc":{"start":{"line":503,"column":8},"end":{"line":503,"column":65}},"type":"binary-expr","locations":[{"start":{"line":503,"column":8},"end":{"line":503,"column":22}},{"start":{"line":503,"column":22},"end":{"line":503,"column":65}}],"line":503},"41":{"loc":{"start":{"line":512,"column":4},"end":{"line":518,"column":null}},"type":"if","locations":[{"start":{"line":512,"column":4},"end":{"line":518,"column":null}},{"start":{},"end":{}}],"line":512}},"s":{"0":3,"1":9,"2":9,"3":9,"4":9,"5":9,"6":315,"7":0,"8":0,"9":0,"10":315,"11":7,"12":315,"13":315,"14":315,"15":315,"16":9,"17":2,"18":7,"19":7,"20":7,"21":7,"22":329,"23":7,"24":7,"25":7,"26":1,"27":6,"28":6,"29":235,"30":235,"31":235,"32":6,"33":9,"34":9,"35":9,"36":9,"37":9,"38":9,"39":9,"40":9,"41":133,"42":137,"43":9,"44":9,"45":9,"46":139,"47":139,"48":9,"49":23,"50":23,"51":711,"52":23,"53":679,"54":679,"55":679,"56":691,"57":691,"58":12,"59":12,"60":32,"61":679,"62":691,"63":679,"64":23,"65":674,"66":674,"67":679,"68":23,"69":2765,"70":690,"71":0,"72":690,"73":711,"74":711,"75":711,"76":4,"77":9,"78":9,"79":133,"80":133,"81":133,"82":124,"83":24,"84":6,"85":18,"86":100,"87":133,"88":133,"89":137,"90":133,"91":133,"92":2,"93":133,"94":133,"95":137,"96":137,"97":137,"98":139,"99":139,"100":139,"101":139,"102":137,"103":133,"104":133,"105":133,"106":133,"107":9,"108":9,"109":7,"110":2,"111":33,"112":33,"113":0,"114":33,"115":33,"116":33,"117":33,"118":33,"119":2,"120":33,"121":2,"122":9,"123":9,"124":9,"125":0,"126":0,"127":0,"128":0,"129":0,"130":0,"131":0,"132":9,"133":9,"134":7,"135":2,"136":33,"137":37,"138":39,"139":31,"140":8,"141":8,"142":8,"143":8,"144":2,"145":9,"146":9,"147":7,"148":2,"149":2,"150":33,"151":2,"152":6,"153":6,"154":2,"155":2,"156":9,"157":9,"158":9,"159":9,"160":133,"161":0,"162":0,"163":133,"164":124,"165":128,"166":133,"167":137,"168":137,"169":2,"170":133,"171":137,"172":133,"173":9},"f":{"0":9,"1":315,"2":0,"3":7,"4":315,"5":315,"6":315,"7":9,"8":329,"9":235,"10":235,"11":235,"12":133,"13":137,"14":23,"15":711,"16":679,"17":32,"18":679,"19":2765,"20":690,"21":9,"22":9,"23":9,"24":9,"25":9,"26":9,"27":128,"28":137},"b":{"0":[9],"1":[9],"2":[0,9],"3":[0,315],"4":[0,0],"5":[2,7],"6":[329,322],"7":[1,6],"8":[23],"9":[711],"10":[8,671],"11":[679,676],"12":[12,679],"13":[691,688],"14":[2765,2765],"15":[0,690],"16":[711,12],"17":[4,707],"18":[124,9],"19":[24,100],"20":[124,109],"21":[6,18],"22":[2,131],"23":[7,2],"24":[9,7],"25":[0,33],"26":[29,4],"27":[2,31],"28":[9,0],"29":[9,7],"30":[0,0],"31":[7,2],"32":[31,8],"33":[39,35],"34":[8,0],"35":[7,2],"36":[2,31],"37":[2,4],"38":[6,6],"39":[0,133],"40":[133,33],"41":[124,9]},"meta":{"lastBranch":42,"lastFunction":29,"lastStatement":174,"seen":{"s:17:50:17:Infinity":0,"f:28:16:28:Infinity":0,"b:35:28:35:Infinity":0,"b:36:36:36:Infinity":1,"s:38:26:40:Infinity":1,"b:38:26:39:31:40:6:40:Infinity":2,"s:41:27:41:61":2,"s:43:30:51:Infinity":3,"s:53:28:61:Infinity":4,"s:63:39:72:Infinity":5,"f:74:11:74:28":1,"b:75:4:80:Infinity:undefined:undefined:undefined:undefined":3,"s:75:4:80:Infinity":6,"s:77:8:77:67":7,"b:77:38:77:62:77:65:77:67":4,"s:78:6:80:Infinity":8,"f:79:19:79:28":2,"s:79:38:79:61":9,"s:82:4:82:Infinity":10,"f:85:11:85:26":3,"s:86:4:93:Infinity":11,"f:86:23:86:32":4,"s:87:6:91:Infinity":12,"f:87:16:87:25":5,"s:88:8:91:Infinity":13,"f:88:12:88:21":6,"s:89:24:89:Infinity":14,"s:90:10:90:Infinity":15,"f:96:11:96:31":7,"b:97:4:98:Infinity:undefined:undefined:undefined:undefined":5,"s:97:4:98:Infinity":16,"s:98:6:98:Infinity":17,"s:101:18:101:Infinity":18,"s:102:16:102:Infinity":19,"s:103:20:108:Infinity":20,"s:110:24:110:78":21,"f:110:30:110:38":8,"s:110:47:110:78":22,"b:110:47:110:65:110:65:110:78":6,"s:112:25:112:52":23,"s:114:27:114:58":24,"b:116:4:117:Infinity:undefined:undefined:undefined:undefined":7,"s:116:4:117:Infinity":25,"s:117:6:117:Infinity":26,"s:121:23:121:Infinity":27,"s:123:4:129:Infinity":28,"f:125:7:125:16":9,"s:126:8:127:Infinity":29,"f:126:18:126:27":10,"s:127:10:127:56":30,"f:127:14:127:23":11,"s:127:30:127:56":31,"s:130:4:130:Infinity":32,"s:133:44:137:4":33,"s:139:2:139:Infinity":34,"s:141:20:145:Infinity":35,"s:147:18:147:73":36,"s:148:22:148:66":37,"s:149:23:149:68":38,"s:150:22:150:66":39,"s:152:16:153:Infinity":40,"f:152:31:152:40":12,"s:153:4:153:37":41,"f:153:16:153:25":13,"s:153:33:153:37":42,"s:157:22:157:Infinity":43,"s:158:23:158:Infinity":44,"s:159:2:161:Infinity":45,"s:160:4:160:Infinity":46,"s:161:4:161:Infinity":47,"s:164:2:174:Infinity":48,"f:180:16:180:Infinity":14,"b:181:37:181:39":8,"s:183:41:183:43":49,"s:185:8:199:Infinity":50,"f:185:8:185:Infinity":15,"b:187:43:187:Infinity":9,"s:189:4:199:Infinity":51,"s:202:8:230:Infinity":52,"f:202:8:202:27":16,"s:205:6:207:41":53,"b:206:10:206:Infinity:207:10:207:41":10,"b:205:6:205:22:205:22:205:48":11,"s:209:31:215:Infinity":54,"s:217:4:227:Infinity":55,"s:218:40:218:42":56,"b:219:6:225:Infinity:224:13:225:Infinity":12,"s:219:6:225:Infinity":57,"b:219:10:219:26:219:26:219:53":13,"s:220:8:220:Infinity":58,"s:221:8:223:Infinity":59,"f:221:26:221:38":17,"s:222:10:222:71":60,"s:225:8:225:Infinity":61,"s:227:6:227:Infinity":62,"s:230:4:230:Infinity":63,"s:233:2:238:Infinity":64,"s:234:31:234:Infinity":65,"s:236:4:238:Infinity":66,"f:236:22:236:43":18,"s:237:6:237:44":67,"s:241:2:241:Infinity":68,"f:247:9:247:26":19,"s:248:2:248:Infinity":69,"b:248:12:248:30:248:30:248:Infinity":14,"f:257:9:257:Infinity":20,"b:261:2:262:Infinity:undefined:undefined:undefined:undefined":15,"s:261:2:262:Infinity":70,"s:262:4:262:Infinity":71,"s:264:2:269:Infinity":72,"s:266:6:266:Infinity":73,"b:266:6:266:29:266:33:266:Infinity":16,"s:267:4:267:Infinity":74,"b:268:4:269:Infinity:undefined:undefined:undefined:undefined":17,"s:268:4:269:Infinity":75,"s:269:6:269:Infinity":76,"f:277:9:277:Infinity":21,"s:281:11:281:Infinity":77,"s:284:2:337:Infinity":78,"s:285:20:285:Infinity":79,"s:287:13:287:Infinity":80,"b:289:4:299:Infinity:undefined:undefined:undefined:undefined":18,"s:289:4:299:Infinity":81,"b:291:6:299:Infinity:298:13:299:Infinity":19,"s:291:6:299:Infinity":82,"b:291:10:291:43:291:43:291:66":20,"b:293:8:296:Infinity:295:15:296:Infinity":21,"s:293:8:296:Infinity":83,"s:294:10:294:Infinity":84,"s:296:10:296:Infinity":85,"s:299:8:299:Infinity":86,"s:303:20:303:Infinity":87,"s:304:4:305:Infinity":88,"s:305:6:305:Infinity":89,"s:308:20:308:Infinity":90,"b:311:4:312:Infinity:undefined:undefined:undefined:undefined":22,"s:311:4:312:Infinity":91,"s:312:6:312:Infinity":92,"s:315:15:315:Infinity":93,"s:317:4:330:Infinity":94,"s:318:18:318:Infinity":95,"s:321:6:321:Infinity":96,"s:323:6:327:Infinity":97,"s:324:8:324:Infinity":98,"s:325:8:325:Infinity":99,"s:326:8:326:Infinity":100,"s:327:8:327:Infinity":101,"s:330:6:330:Infinity":102,"s:333:4:333:Infinity":103,"s:334:4:334:Infinity":104,"s:335:4:335:Infinity":105,"s:337:4:337:Infinity":106,"f:344:9:344:Infinity":22,"s:350:39:350:41":107,"b:352:2:353:Infinity:undefined:undefined:undefined:undefined":23,"s:352:2:353:Infinity":108,"b:352:6:352:19:352:19:352:31":24,"s:353:4:353:Infinity":109,"s:356:2:379:Infinity":110,"s:357:17:357:Infinity":111,"b:359:4:360:Infinity:undefined:undefined:undefined:undefined":25,"s:359:4:360:Infinity":112,"s:360:6:360:Infinity":113,"s:362:18:362:Infinity":114,"s:363:17:363:Infinity":115,"b:363:25:363:38:363:38:363:Infinity":26,"s:364:16:364:Infinity":116,"s:367:12:367:Infinity":117,"b:368:4:369:Infinity:undefined:undefined:undefined:undefined":27,"s:368:4:369:Infinity":118,"s:369:6:369:Infinity":119,"s:372:4:379:Infinity":120,"s:382:2:382:Infinity":121,"f:388:9:388:Infinity":23,"s:393:39:393:41":122,"b:395:2:396:Infinity:undefined:undefined:undefined:undefined":28,"s:395:2:396:Infinity":123,"b:395:6:395:20:395:20:395:36":29,"s:396:4:396:Infinity":124,"s:399:2:413:Infinity":125,"s:400:17:400:Infinity":126,"b:401:4:402:Infinity:undefined:undefined:undefined:undefined":30,"s:401:4:402:Infinity":127,"s:402:6:402:Infinity":128,"s:404:18:404:Infinity":129,"s:406:4:413:Infinity":130,"s:416:2:416:Infinity":131,"f:422:9:422:Infinity":24,"s:426:39:426:41":132,"b:427:2:428:Infinity:undefined:undefined:undefined:undefined":31,"s:427:2:428:Infinity":133,"s:428:4:428:Infinity":134,"s:430:2:449:Infinity":135,"s:431:4:449:Infinity":136,"s:432:6:449:Infinity":137,"b:434:8:435:Infinity:undefined:undefined:undefined:undefined":32,"s:434:8:435:Infinity":138,"b:434:12:434:34:434:34:434:73":33,"s:435:10:435:Infinity":139,"s:437:37:443:Infinity":140,"b:445:8:446:Infinity:undefined:undefined:undefined:undefined":34,"s:445:8:446:Infinity":141,"s:446:10:446:Infinity":142,"s:449:8:449:Infinity":143,"s:454:2:454:Infinity":144,"f:460:9:460:Infinity":25,"s:464:39:464:41":145,"b:465:2:466:Infinity:undefined:undefined:undefined:undefined":35,"s:465:2:466:Infinity":146,"s:466:4:466:Infinity":147,"s:468:14:468:Infinity":148,"s:470:2:481:Infinity":149,"b:471:4:481:Infinity:undefined:undefined:undefined:undefined":36,"s:471:4:481:Infinity":150,"s:472:6:481:Infinity":151,"s:473:26:473:Infinity":152,"b:474:8:481:Infinity:undefined:undefined:undefined:undefined":37,"s:474:8:481:Infinity":153,"b:474:12:474:40:474:40:474:68":38,"s:475:10:481:Infinity":154,"s:487:2:487:Infinity":155,"f:493:9:493:Infinity":26,"s:497:50:497:52":156,"s:499:37:499:39":157,"s:500:44:500:46":158,"s:502:2:534:Infinity":159,"b:503:4:508:Infinity:undefined:undefined:undefined:undefined":39,"s:503:4:508:Infinity":160,"b:503:8:503:22:503:22:503:65":40,"s:504:6:507:Infinity":161,"s:508:6:508:Infinity":162,"b:512:4:518:Infinity:undefined:undefined:undefined:undefined":41,"s:512:4:518:Infinity":163,"s:513:6:518:Infinity":164,"f:515:38:515:43":27,"s:515:51:515:58":165,"s:522:4:529:Infinity":166,"s:523:6:529:Infinity":167,"s:523:19:523:22":168,"s:524:8:529:Infinity":169,"s:533:4:533:Infinity":170,"f:533:30:533:35":28,"s:533:43:533:63":171,"s:534:4:534:Infinity":172,"s:537:2:537:Infinity":173}}}
}
